Log file open, 03/02/20 18:51:57
LogWindows: Failed to load 'aqProf.dll' (GetLastError=126)
LogWindows: File 'aqProf.dll' does not exist
LogWindows: Failed to load 'VtuneApi.dll' (GetLastError=126)
LogWindows: File 'VtuneApi.dll' does not exist
LogWindows: Failed to load 'VtuneApi32e.dll' (GetLastError=126)
LogWindows: File 'VtuneApi32e.dll' does not exist
LogConsoleResponse: Display: Failed to find resolution value strings in scalability ini. Falling back to default.
LogInit: Display: Running engine for game: practicaUnreal
LogPlatformFile: Not using cached read wrapper
LogTaskGraph: Started task graph with 5 named threads and 23 total threads with 3 sets of task threads.
LogStats: Stats thread started at 0.098641
LogD3D11RHI: Loaded GFSDK_Aftermath_Lib.x64.dll
LogICUInternationalization: ICU TimeZone Detection - Raw Offset: +1:00, Platform Override: ''
LogPluginManager: Mounting plugin Paper2D
LogPluginManager: Mounting plugin AISupport
LogPluginManager: Mounting plugin LightPropagationVolume
LogPluginManager: Mounting plugin ActorLayerUtilities
LogPluginManager: Mounting plugin AnimationSharing
LogPluginManager: Mounting plugin CLionSourceCodeAccess
LogPluginManager: Mounting plugin CodeLiteSourceCodeAccess
LogPluginManager: Mounting plugin GitSourceControl
LogPluginManager: Mounting plugin KDevelopSourceCodeAccess
LogPluginManager: Mounting plugin NullSourceCodeAccess
LogPluginManager: Mounting plugin PerforceSourceControl
LogPluginManager: Mounting plugin PlasticSourceControl
LogPluginManager: Mounting plugin SubversionSourceControl
LogPluginManager: Mounting plugin UObjectPlugin
LogPluginManager: Mounting plugin VisualStudioCodeSourceCodeAccess
LogPluginManager: Mounting plugin VisualStudioSourceCodeAccess
LogPluginManager: Mounting plugin XCodeSourceCodeAccess
LogPluginManager: Mounting plugin AssetManagerEditor
LogPluginManager: Mounting plugin CryptoKeys
LogPluginManager: Mounting plugin CurveEditorTools
LogPluginManager: Mounting plugin DataValidation
LogPluginManager: Mounting plugin FacialAnimation
LogPluginManager: Mounting plugin GameplayTagsEditor
LogPluginManager: Mounting plugin MacGraphicsSwitching
LogPluginManager: Mounting plugin MaterialAnalyzer
LogPluginManager: Mounting plugin MobileLauncherProfileWizard
LogPluginManager: Mounting plugin PluginBrowser
LogPluginManager: Mounting plugin SpeedTreeImporter
LogPluginManager: Mounting plugin DatasmithContent
LogPluginManager: Mounting plugin VariantManagerContent
LogPluginManager: Mounting plugin AlembicImporter
LogPluginManager: Mounting plugin AutomationUtils
LogPluginManager: Mounting plugin BackChannel
LogPluginManager: Mounting plugin CharacterAI
LogPluginManager: Mounting plugin GeometryCache
LogPluginManager: Mounting plugin PlatformCrypto
LogPluginManager: Mounting plugin ProxyLODPlugin
LogPluginManager: Mounting plugin SkeletalReduction
LogPluginManager: Mounting plugin MagicLeap
LogPluginManager: Mounting plugin MagicLeapMedia
LogPluginManager: Mounting plugin MLSDK
LogPluginManager: Mounting plugin AndroidMedia
LogPluginManager: Mounting plugin AvfMedia
LogPluginManager: Mounting plugin ImgMedia
LogPluginManager: Mounting plugin MediaCompositing
LogPluginManager: Mounting plugin MediaPlayerEditor
LogPluginManager: Mounting plugin WebMMedia
LogPluginManager: Mounting plugin WmfMedia
LogPluginManager: Mounting plugin TcpMessaging
LogPluginManager: Mounting plugin UdpMessaging
LogPluginManager: Mounting plugin ActorSequence
LogPluginManager: Mounting plugin LevelSequenceEditor
LogPluginManager: Mounting plugin MatineeToLevelSequence
LogPluginManager: Mounting plugin NetcodeUnitTest
LogPluginManager: Mounting plugin NUTUnrealEngine4
LogPluginManager: Mounting plugin OnlineSubsystemGooglePlay
LogPluginManager: Mounting plugin OnlineSubsystemIOS
LogPluginManager: Mounting plugin OnlineSubsystem
LogPluginManager: Mounting plugin OnlineSubsystemNull
LogPluginManager: Mounting plugin OnlineSubsystemUtils
LogPluginManager: Mounting plugin LauncherChunkInstaller
LogPluginManager: Mounting plugin AndroidDeviceProfileSelector
LogPluginManager: Mounting plugin AndroidMoviePlayer
LogPluginManager: Mounting plugin AndroidPermission
LogPluginManager: Mounting plugin AppleImageUtils
LogPluginManager: Mounting plugin AppleMoviePlayer
LogPluginManager: Mounting plugin ArchVisCharacter
LogPluginManager: Mounting plugin AssetTags
LogPluginManager: Mounting plugin AudioCapture
LogPluginManager: Mounting plugin CableComponent
LogPluginManager: Mounting plugin CustomMeshComponent
LogPluginManager: Mounting plugin EditableMesh
LogPluginManager: Mounting plugin ExampleDeviceProfileSelector
LogPluginManager: Mounting plugin GoogleCloudMessaging
LogPluginManager: Mounting plugin IOSDeviceProfileSelector
LogPluginManager: Mounting plugin LinuxDeviceProfileSelector
LogPluginManager: Mounting plugin LocationServicesBPLibrary
LogPluginManager: Mounting plugin MobilePatchingUtils
LogPluginManager: Mounting plugin OculusVR
LogPluginManager: Mounting plugin PhysXVehicles
LogPluginManager: Mounting plugin PostSplashScreen
LogPluginManager: Mounting plugin ProceduralMeshComponent
LogPluginManager: Mounting plugin RuntimePhysXCooking
LogPluginManager: Mounting plugin SignificanceManager
LogPluginManager: Mounting plugin SteamVR
LogPluginManager: Mounting plugin WebMMoviePlayer
LogPluginManager: Mounting plugin WindowsMoviePlayer
LogPluginManager: Mounting plugin ScreenshotTools
LogInit: Using libcurl 7.55.1-DEV
LogInit:  - built for x86_64-pc-win32
LogInit:  - supports SSL with OpenSSL/1.1.1
LogInit:  - supports HTTP deflate (compression) using libz 1.2.8
LogInit:  - other features:
LogInit:      CURL_VERSION_SSL
LogInit:      CURL_VERSION_LIBZ
LogInit:      CURL_VERSION_IPV6
LogInit:      CURL_VERSION_ASYNCHDNS
LogInit:      CURL_VERSION_LARGEFILE
LogInit:      CURL_VERSION_IDN
LogInit:  CurlRequestOptions (configurable via config and command line):
LogInit:  - bVerifyPeer = true  - Libcurl will verify peer certificate
LogInit:  - bUseHttpProxy = false  - Libcurl will NOT use HTTP proxy
LogInit:  - bDontReuseConnections = false  - Libcurl will reuse connections
LogInit:  - MaxHostConnections = 16  - Libcurl will limit the number of connections to a host
LogInit:  - LocalHostAddr = Default
LogInit:  - BufferSize = 65536
LogOnline: OSS: Creating online subsystem instance for: NULL
LogInit: WinSock: version 1.1 (2.2), MaxSocks=32767, MaxUdp=65467
LogOnline: OSS: TryLoadSubsystemAndSetDefault: Loaded subsystem for module [NULL]
LogInit: Build: ++UE4+Release-4.24-CL-10757647
LogInit: Engine Version: 4.24.1-10757647+++UE4+Release-4.24
LogInit: Compatible Engine Version: 4.24.0-10570792+++UE4+Release-4.24
LogInit: Net CL: 10570792
LogInit: OS: Windows 10 (Release 1909) (), CPU: Intel(R) Core(TM) i7-6700HQ CPU @ 2.60GHz, GPU: Intel(R) HD Graphics 530
LogInit: Compiled (64-bit): Dec 17 2019 02:08:03
LogInit: Compiled with Visual C++: 19.16.27032.01
LogInit: Build Configuration: Development
LogInit: Branch Name: ++UE4+Release-4.24
LogInit: Command Line:  -EpicPortal -epicusername=Alevaro12 -epicuserid=6de0ab359227493b88970a184f516c54 -epiclocale=es
LogInit: Base Directory: C:/Program Files/Epic Games/UE_4.24/Engine/Binaries/Win64/
LogInit: Installed Engine Build: 1
LogDevObjectVersion: Number of dev versions registered: 25
LogDevObjectVersion:   Dev-Blueprints (B0D832E4-1F89-4F0D-ACCF-7EB736FD4AA2): 10
LogDevObjectVersion:   Dev-Build (E1C64328-A22C-4D53-A36C-8E866417BD8C): 0
LogDevObjectVersion:   Dev-Core (375EC13C-06E4-48FB-B500-84F0262A717E): 3
LogDevObjectVersion:   Dev-Editor (E4B068ED-F494-42E9-A231-DA0B2E46BB41): 37
LogDevObjectVersion:   Dev-Framework (CFFC743F-43B0-4480-9391-14DF171D2073): 36
LogDevObjectVersion:   Dev-Mobile (B02B49B5-BB20-44E9-A304-32B752E40360): 2
LogDevObjectVersion:   Dev-Networking (A4E4105C-59A1-49B5-A7C5-40C4547EDFEE): 0
LogDevObjectVersion:   Dev-Online (39C831C9-5AE6-47DC-9A44-9C173E1C8E7C): 0
LogDevObjectVersion:   Dev-Physics (78F01B33-EBEA-4F98-B9B4-84EACCB95AA2): 2
LogDevObjectVersion:   Dev-Platform (6631380F-2D4D-43E0-8009-CF276956A95A): 0
LogDevObjectVersion:   Dev-Rendering (12F88B9F-8875-4AFC-A67C-D90C383ABD29): 36
LogDevObjectVersion:   Dev-Sequencer (7B5AE74C-D270-4C10-A958-57980B212A5A): 11
LogDevObjectVersion:   Dev-VR (D7296918-1DD6-4BDD-9DE2-64A83CC13884): 2
LogDevObjectVersion:   Dev-LoadTimes (C2A15278-BFE7-4AFE-6C17-90FF531DF755): 1
LogDevObjectVersion:   Private-Geometry (6EACA3D4-40EC-4CC1-B786-8BED09428FC5): 3
LogDevObjectVersion:   Dev-AnimPhys (29E575DD-E0A3-4627-9D10-D276232CDCEA): 17
LogDevObjectVersion:   Dev-Anim (AF43A65D-7FD3-4947-9873-3E8ED9C1BB05): 2
LogDevObjectVersion:   Dev-ReflectionCapture (6B266CEC-1EC7-4B8F-A30B-E4D90942FC07): 1
LogDevObjectVersion:   Dev-Automation (0DF73D61-A23F-47EA-B727-89E90C41499A): 1
LogDevObjectVersion:   FortniteMain (601D1886-AC64-4F84-AA16-D3DE0DEAC7D6): 31
LogDevObjectVersion:   Dev-Enterprise (9DFFBCD6-494F-0158-E221-12823C92A888): 8
LogDevObjectVersion:   Dev-Niagara (F2AED0AC-9AFE-416F-8664-AA7FFA26D6FC): 1
LogDevObjectVersion:   Dev-Destruction (174F1F0B-B4C6-45A5-B13F-2EE8D0FB917D): 9
LogDevObjectVersion:   Dev-Physics-Ext (35F94A83-E258-406C-A318-09F59610247C): 8
LogDevObjectVersion:   Dev-CineCamera (B2E18506-4273-CFC2-A54E-F4BB758BBA07): 1
LogInit: Presizing for max 25165824 objects, including 0 objects not considered by GC, pre-allocating 0 bytes for permanent pool.
LogInit: Object subsystem initialized
LogConfig: Setting CVar [[con.DebugEarlyDefault:1]]
LogConfig: Setting CVar [[r.setres:1280x720]]
[2020.03.02-17.51.57:861][  0]LogConfig: Setting CVar [[r.VSync:0]]
[2020.03.02-17.51.57:861][  0]LogConfig: Setting CVar [[r.RHICmdBypass:0]]
[2020.03.02-17.51.57:861][  0]LogConfig: Applying CVar settings from Section [/Script/Engine.RendererSettings] File [C:/GITHUb DIrecto/Unreal-Practica/practicaUnreal/Saved/Config/Windows/Engine.ini]
[2020.03.02-17.51.57:861][  0]LogConfig: Setting CVar [[r.GPUCrashDebugging:0]]
[2020.03.02-17.51.57:861][  0]LogConfig: Applying CVar settings from Section [/Script/Engine.RendererOverrideSettings] File [C:/GITHUb DIrecto/Unreal-Practica/practicaUnreal/Saved/Config/Windows/Engine.ini]
[2020.03.02-17.51.57:861][  0]LogConfig: Applying CVar settings from Section [/Script/Engine.StreamingSettings] File [C:/GITHUb DIrecto/Unreal-Practica/practicaUnreal/Saved/Config/Windows/Engine.ini]
[2020.03.02-17.51.57:861][  0]LogConfig: Setting CVar [[s.MinBulkDataSizeForAsyncLoading:131072]]
[2020.03.02-17.51.57:861][  0]LogConfig: Setting CVar [[s.AsyncLoadingThreadEnabled:0]]
[2020.03.02-17.51.57:861][  0]LogConfig: Setting CVar [[s.EventDrivenLoaderEnabled:1]]
[2020.03.02-17.51.57:861][  0]LogConfig: Setting CVar [[s.WarnIfTimeLimitExceeded:0]]
[2020.03.02-17.51.57:861][  0]LogConfig: Setting CVar [[s.TimeLimitExceededMultiplier:1.5]]
[2020.03.02-17.51.57:861][  0]LogConfig: Setting CVar [[s.TimeLimitExceededMinTime:0.005]]
[2020.03.02-17.51.57:861][  0]LogConfig: Setting CVar [[s.UseBackgroundLevelStreaming:1]]
[2020.03.02-17.51.57:862][  0]LogConfig: Setting CVar [[s.PriorityAsyncLoadingExtraTime:15.0]]
[2020.03.02-17.51.57:862][  0]LogConfig: Setting CVar [[s.LevelStreamingActorsUpdateTimeLimit:5.0]]
[2020.03.02-17.51.57:862][  0]LogConfig: Setting CVar [[s.PriorityLevelStreamingActorsUpdateExtraTime:5.0]]
[2020.03.02-17.51.57:862][  0]LogConfig: Setting CVar [[s.LevelStreamingComponentsRegistrationGranularity:10]]
[2020.03.02-17.51.57:862][  0]LogConfig: Setting CVar [[s.UnregisterComponentsTimeLimit:1.0]]
[2020.03.02-17.51.57:862][  0]LogConfig: Setting CVar [[s.LevelStreamingComponentsUnregistrationGranularity:5]]
[2020.03.02-17.51.57:862][  0]LogConfig: Setting CVar [[s.FlushStreamingOnExit:1]]
[2020.03.02-17.51.57:862][  0]LogConfig: Applying CVar settings from Section [/Script/Engine.GarbageCollectionSettings] File [C:/GITHUb DIrecto/Unreal-Practica/practicaUnreal/Saved/Config/Windows/Engine.ini]
[2020.03.02-17.51.57:862][  0]LogConfig: Setting CVar [[gc.MaxObjectsNotConsideredByGC:1]]
[2020.03.02-17.51.57:862][  0]LogConfig: Setting CVar [[gc.SizeOfPermanentObjectPool:0]]
[2020.03.02-17.51.57:862][  0]LogConfig: Setting CVar [[gc.FlushStreamingOnGC:0]]
[2020.03.02-17.51.57:862][  0]LogConfig: Setting CVar [[gc.NumRetriesBeforeForcingGC:10]]
[2020.03.02-17.51.57:862][  0]LogConfig: Setting CVar [[gc.AllowParallelGC:1]]
[2020.03.02-17.51.57:862][  0]LogConfig: Setting CVar [[gc.TimeBetweenPurgingPendingKillObjects:61.1]]
[2020.03.02-17.51.57:862][  0]LogConfig: Setting CVar [[gc.MaxObjectsInEditor:25165824]]
[2020.03.02-17.51.57:862][  0]LogConfig: Setting CVar [[gc.IncrementalBeginDestroyEnabled:1]]
[2020.03.02-17.51.57:862][  0]LogConfig: Setting CVar [[gc.CreateGCClusters:1]]
[2020.03.02-17.51.57:862][  0]LogConfig: Setting CVar [[gc.MinGCClusterSize:5]]
[2020.03.02-17.51.57:862][  0]LogConfig: Setting CVar [[gc.ActorClusteringEnabled:0]]
[2020.03.02-17.51.57:862][  0]LogConfig: Setting CVar [[gc.BlueprintClusteringEnabled:0]]
[2020.03.02-17.51.57:862][  0]LogConfig: Setting CVar [[gc.UseDisregardForGCOnDedicatedServers:0]]
[2020.03.02-17.51.57:862][  0]LogConfig: Applying CVar settings from Section [/Script/Engine.NetworkSettings] File [C:/GITHUb DIrecto/Unreal-Practica/practicaUnreal/Saved/Config/Windows/Engine.ini]
[2020.03.02-17.51.57:862][  0]LogConfig: Applying CVar settings from Section [/Script/UnrealEd.CookerSettings] File [C:/GITHUb DIrecto/Unreal-Practica/practicaUnreal/Saved/Config/Windows/Engine.ini]
[2020.03.02-17.51.57:864][  0]LogConfig: Applying CVar settings from Section [ViewDistanceQuality@3] File [C:/GITHUb DIrecto/Unreal-Practica/practicaUnreal/Saved/Config/Windows/Scalability.ini]
[2020.03.02-17.51.57:864][  0]LogConfig: Setting CVar [[r.SkeletalMeshLODBias:0]]
[2020.03.02-17.51.57:864][  0]LogConfig: Setting CVar [[r.ViewDistanceScale:1.0]]
[2020.03.02-17.51.57:864][  0]LogConfig: Applying CVar settings from Section [AntiAliasingQuality@3] File [C:/GITHUb DIrecto/Unreal-Practica/practicaUnreal/Saved/Config/Windows/Scalability.ini]
[2020.03.02-17.51.57:864][  0]LogConfig: Setting CVar [[r.PostProcessAAQuality:4]]
[2020.03.02-17.51.57:864][  0]LogConfig: Applying CVar settings from Section [ShadowQuality@3] File [C:/GITHUb DIrecto/Unreal-Practica/practicaUnreal/Saved/Config/Windows/Scalability.ini]
[2020.03.02-17.51.57:864][  0]LogConfig: Setting CVar [[r.LightFunctionQuality:1]]
[2020.03.02-17.51.57:864][  0]LogConfig: Setting CVar [[r.ShadowQuality:5]]
[2020.03.02-17.51.57:864][  0]LogConfig: Setting CVar [[r.Shadow.CSM.MaxCascades:10]]
[2020.03.02-17.51.57:864][  0]LogConfig: Setting CVar [[r.Shadow.MaxResolution:2048]]
[2020.03.02-17.51.57:864][  0]LogConfig: Setting CVar [[r.Shadow.MaxCSMResolution:2048]]
[2020.03.02-17.51.57:864][  0]LogConfig: Setting CVar [[r.Shadow.RadiusThreshold:0.01]]
[2020.03.02-17.51.57:864][  0]LogConfig: Setting CVar [[r.Shadow.DistanceScale:1.0]]
[2020.03.02-17.51.57:864][  0]LogConfig: Setting CVar [[r.Shadow.CSM.TransitionScale:1.0]]
[2020.03.02-17.51.57:864][  0]LogConfig: Setting CVar [[r.Shadow.PreShadowResolutionFactor:1.0]]
[2020.03.02-17.51.57:864][  0]LogConfig: Setting CVar [[r.DistanceFieldShadowing:1]]
[2020.03.02-17.51.57:864][  0]LogConfig: Setting CVar [[r.DistanceFieldAO:1]]
[2020.03.02-17.51.57:864][  0]LogConfig: Setting CVar [[r.AOQuality:2]]
[2020.03.02-17.51.57:864][  0]LogConfig: Setting CVar [[r.VolumetricFog:1]]
[2020.03.02-17.51.57:864][  0]LogConfig: Setting CVar [[r.VolumetricFog.GridPixelSize:8]]
[2020.03.02-17.51.57:864][  0]LogConfig: Setting CVar [[r.VolumetricFog.GridSizeZ:128]]
[2020.03.02-17.51.57:864][  0]LogConfig: Setting CVar [[r.VolumetricFog.HistoryMissSupersampleCount:4]]
[2020.03.02-17.51.57:864][  0]LogConfig: Setting CVar [[r.LightMaxDrawDistanceScale:1]]
[2020.03.02-17.51.57:865][  0]LogConfig: Setting CVar [[r.CapsuleShadows:1]]
[2020.03.02-17.51.57:865][  0]LogConfig: Applying CVar settings from Section [PostProcessQuality@3] File [C:/GITHUb DIrecto/Unreal-Practica/practicaUnreal/Saved/Config/Windows/Scalability.ini]
[2020.03.02-17.51.57:865][  0]LogConfig: Setting CVar [[r.MotionBlurQuality:4]]
[2020.03.02-17.51.57:865][  0]LogConfig: Setting CVar [[r.AmbientOcclusionMipLevelFactor:0.4]]
[2020.03.02-17.51.57:865][  0]LogConfig: Setting CVar [[r.AmbientOcclusionMaxQuality:100]]
[2020.03.02-17.51.57:865][  0]LogConfig: Setting CVar [[r.AmbientOcclusionLevels:-1]]
[2020.03.02-17.51.57:865][  0]LogConfig: Setting CVar [[r.AmbientOcclusionRadiusScale:1.0]]
[2020.03.02-17.51.57:865][  0]LogConfig: Setting CVar [[r.DepthOfFieldQuality:2]]
[2020.03.02-17.51.57:865][  0]LogConfig: Setting CVar [[r.RenderTargetPoolMin:400]]
[2020.03.02-17.51.57:865][  0]LogConfig: Setting CVar [[r.LensFlareQuality:2]]
[2020.03.02-17.51.57:865][  0]LogConfig: Setting CVar [[r.SceneColorFringeQuality:1]]
[2020.03.02-17.51.57:865][  0]LogConfig: Setting CVar [[r.EyeAdaptationQuality:2]]
[2020.03.02-17.51.57:865][  0]LogConfig: Setting CVar [[r.BloomQuality:5]]
[2020.03.02-17.51.57:865][  0]LogConfig: Setting CVar [[r.FastBlurThreshold:100]]
[2020.03.02-17.51.57:865][  0]LogConfig: Setting CVar [[r.Upscale.Quality:3]]
[2020.03.02-17.51.57:865][  0]LogConfig: Setting CVar [[r.Tonemapper.GrainQuantization:1]]
[2020.03.02-17.51.57:865][  0]LogConfig: Setting CVar [[r.LightShaftQuality:1]]
[2020.03.02-17.51.57:865][  0]LogConfig: Setting CVar [[r.Filter.SizeScale:1]]
[2020.03.02-17.51.57:865][  0]LogConfig: Setting CVar [[r.Tonemapper.Quality:5]]
[2020.03.02-17.51.57:865][  0]LogConfig: Setting CVar [[r.DOF.Gather.AccumulatorQuality:1        ; higher gathering accumulator quality]]
[2020.03.02-17.51.57:865][  0]LogConfig: Setting CVar [[r.DOF.Gather.PostfilterMethod:1          ; Median3x3 postfilering method]]
[2020.03.02-17.51.57:865][  0]LogConfig: Setting CVar [[r.DOF.Gather.EnableBokehSettings:0       ; no bokeh simulation when gathering]]
[2020.03.02-17.51.57:865][  0]LogConfig: Setting CVar [[r.DOF.Gather.RingCount:4                 ; medium number of samples when gathering]]
[2020.03.02-17.51.57:865][  0]LogConfig: Setting CVar [[r.DOF.Scatter.ForegroundCompositing:1    ; additive foreground scattering]]
[2020.03.02-17.51.57:865][  0]LogConfig: Setting CVar [[r.DOF.Scatter.BackgroundCompositing:2    ; additive background scattering]]
[2020.03.02-17.51.57:865][  0]LogConfig: Setting CVar [[r.DOF.Scatter.EnableBokehSettings:1      ; bokeh simulation when scattering]]
[2020.03.02-17.51.57:865][  0]LogConfig: Setting CVar [[r.DOF.Scatter.MaxSpriteRatio:0.1         ; only a maximum of 10% of scattered bokeh]]
[2020.03.02-17.51.57:865][  0]LogConfig: Setting CVar [[r.DOF.Recombine.Quality:1                ; cheap slight out of focus]]
[2020.03.02-17.51.57:865][  0]LogConfig: Setting CVar [[r.DOF.Recombine.EnableBokehSettings:0    ; no bokeh simulation on slight out of focus]]
[2020.03.02-17.51.57:865][  0]LogConfig: Setting CVar [[r.DOF.TemporalAAQuality:1                ; more stable temporal accumulation]]
[2020.03.02-17.51.57:865][  0]LogConfig: Setting CVar [[r.DOF.Kernel.MaxForegroundRadius:0.025]]
[2020.03.02-17.51.57:865][  0]LogConfig: Setting CVar [[r.DOF.Kernel.MaxBackgroundRadius:0.025]]
[2020.03.02-17.51.57:865][  0]LogConfig: Applying CVar settings from Section [TextureQuality@3] File [C:/GITHUb DIrecto/Unreal-Practica/practicaUnreal/Saved/Config/Windows/Scalability.ini]
[2020.03.02-17.51.57:865][  0]LogConfig: Setting CVar [[r.Streaming.MipBias:0]]
[2020.03.02-17.51.57:865][  0]LogConfig: Setting CVar [[r.Streaming.AmortizeCPUToGPUCopy:0]]
[2020.03.02-17.51.57:865][  0]LogConfig: Setting CVar [[r.Streaming.MaxNumTexturesToStreamPerFrame:0]]
[2020.03.02-17.51.57:865][  0]LogConfig: Setting CVar [[r.Streaming.Boost:1]]
[2020.03.02-17.51.57:865][  0]LogConfig: Setting CVar [[r.MaxAnisotropy:8]]
[2020.03.02-17.51.57:865][  0]LogConfig: Setting CVar [[r.VT.MaxAnisotropy:8]]
[2020.03.02-17.51.57:865][  0]LogConfig: Setting CVar [[r.Streaming.LimitPoolSizeToVRAM:0]]
[2020.03.02-17.51.57:865][  0]LogConfig: Setting CVar [[r.Streaming.PoolSize:1000]]
[2020.03.02-17.51.57:865][  0]LogConfig: Setting CVar [[r.Streaming.MaxEffectiveScreenSize:0]]
[2020.03.02-17.51.57:865][  0]LogConfig: Applying CVar settings from Section [EffectsQuality@3] File [C:/GITHUb DIrecto/Unreal-Practica/practicaUnreal/Saved/Config/Windows/Scalability.ini]
[2020.03.02-17.51.57:865][  0]LogConfig: Setting CVar [[r.TranslucencyLightingVolumeDim:64]]
[2020.03.02-17.51.57:865][  0]LogConfig: Setting CVar [[r.RefractionQuality:2]]
[2020.03.02-17.51.57:865][  0]LogConfig: Setting CVar [[r.SSR.Quality:3]]
[2020.03.02-17.51.57:865][  0]LogConfig: Setting CVar [[r.SSR.HalfResSceneColor:0]]
[2020.03.02-17.51.57:865][  0]LogConfig: Setting CVar [[r.SceneColorFormat:4]]
[2020.03.02-17.51.57:865][  0]LogConfig: Setting CVar [[r.DetailMode:2]]
[2020.03.02-17.51.57:865][  0]LogConfig: Setting CVar [[r.TranslucencyVolumeBlur:1]]
[2020.03.02-17.51.57:865][  0]LogConfig: Setting CVar [[r.MaterialQualityLevel:1 ; High quality]]
[2020.03.02-17.51.57:865][  0]LogConfig: Setting CVar [[r.SSS.Scale:1]]
[2020.03.02-17.51.57:865][  0]LogConfig: Setting CVar [[r.SSS.SampleSet:2]]
[2020.03.02-17.51.57:865][  0]LogConfig: Setting CVar [[r.SSS.Quality:1]]
[2020.03.02-17.51.57:865][  0]LogConfig: Setting CVar [[r.SSS.HalfRes:1]]
[2020.03.02-17.51.57:865][  0]LogConfig: Setting CVar [[r.SSGI.Quality:3]]
[2020.03.02-17.51.57:865][  0]LogConfig: Setting CVar [[r.EmitterSpawnRateScale:1.0]]
[2020.03.02-17.51.57:865][  0]LogConfig: Setting CVar [[r.ParticleLightQuality:2]]
[2020.03.02-17.51.57:865][  0]LogConfig: Setting CVar [[r.SkyAtmosphere.AerialPerspectiveLUT.FastApplyOnOpaque:1 ; Always have FastSkyLUT 1 in this case to avoid wrong sky]]
[2020.03.02-17.51.57:865][  0]LogConfig: Setting CVar [[r.SkyAtmosphere.AerialPerspectiveLUT.SampleCountPerSlice:1]]
[2020.03.02-17.51.57:865][  0]LogConfig: Setting CVar [[r.SkyAtmosphere.AerialPerspectiveLUT.DepthResolution:16.0]]
[2020.03.02-17.51.57:865][  0]LogConfig: Setting CVar [[r.SkyAtmosphere.FastSkyLUT:1]]
[2020.03.02-17.51.57:866][  0]LogConfig: Setting CVar [[r.SkyAtmosphere.FastSkyLUT.SampleCountMin:4.0]]
[2020.03.02-17.51.57:866][  0]LogConfig: Setting CVar [[r.SkyAtmosphere.FastSkyLUT.SampleCountMax:32.0]]
[2020.03.02-17.51.57:866][  0]LogConfig: Setting CVar [[r.SkyAtmosphere.SampleCountMin:4.0]]
[2020.03.02-17.51.57:866][  0]LogConfig: Setting CVar [[r.SkyAtmosphere.SampleCountMax:32.0]]
[2020.03.02-17.51.57:866][  0]LogConfig: Setting CVar [[r.SkyAtmosphere.TransmittanceLUT.UseSmallFormat:0]]
[2020.03.02-17.51.57:866][  0]LogConfig: Setting CVar [[r.SkyAtmosphere.TransmittanceLUT.SampleCount:10.0]]
[2020.03.02-17.51.57:866][  0]LogConfig: Setting CVar [[r.SkyAtmosphere.MultiScatteringLUT.SampleCount:15.0]]
[2020.03.02-17.51.57:866][  0]LogConfig: Applying CVar settings from Section [FoliageQuality@3] File [C:/GITHUb DIrecto/Unreal-Practica/practicaUnreal/Saved/Config/Windows/Scalability.ini]
[2020.03.02-17.51.57:866][  0]LogConfig: Setting CVar [[foliage.DensityScale:1.0]]
[2020.03.02-17.51.57:866][  0]LogConfig: Setting CVar [[grass.DensityScale:1.0]]
[2020.03.02-17.51.57:866][  0]LogConfig: Applying CVar settings from Section [ShadingQuality@3] File [C:/GITHUb DIrecto/Unreal-Practica/practicaUnreal/Saved/Config/Windows/Scalability.ini]
[2020.03.02-17.51.57:866][  0]LogConfig: Setting CVar [[r.HairStrands.SkyLighting.SampleCount:16]]
[2020.03.02-17.51.57:866][  0]LogConfig: Setting CVar [[r.HairStrands.SkyLighting.JitterIntegration:0]]
[2020.03.02-17.51.57:866][  0]LogConfig: Setting CVar [[r.HairStrands.SkyAO.SampleCount:16]]
[2020.03.02-17.51.57:866][  0]LogInit: Selected Device Profile: [Windows]
[2020.03.02-17.51.57:866][  0]LogInit: Applying CVar settings loaded from the selected device profile: [Windows]
[2020.03.02-17.51.57:868][  0]LogHAL: Display: Platform has ~ 16 GB [17036767232 / 17179869184 / 16], which maps to Larger [LargestMinGB=32, LargerMinGB=12, DefaultMinGB=8, SmallerMinGB=6, SmallestMinGB=0)
[2020.03.02-17.51.57:869][  0]LogInit: Going up to parent DeviceProfile []
[2020.03.02-17.51.57:869][  0]LogConfig: Applying CVar settings from Section [ViewDistanceQuality@1] File [C:/GITHUb DIrecto/Unreal-Practica/practicaUnreal/Saved/Config/Windows/Scalability.ini]
[2020.03.02-17.51.57:869][  0]LogConfig: Setting CVar [[r.SkeletalMeshLODBias:1]]
[2020.03.02-17.51.57:869][  0]LogConfig: Setting CVar [[r.ViewDistanceScale:0.6]]
[2020.03.02-17.51.57:869][  0]LogConfig: Applying CVar settings from Section [AntiAliasingQuality@1] File [C:/GITHUb DIrecto/Unreal-Practica/practicaUnreal/Saved/Config/Windows/Scalability.ini]
[2020.03.02-17.51.57:869][  0]LogConfig: Setting CVar [[r.PostProcessAAQuality:2]]
[2020.03.02-17.51.57:869][  0]LogConfig: Applying CVar settings from Section [ShadowQuality@1] File [C:/GITHUb DIrecto/Unreal-Practica/practicaUnreal/Saved/Config/Windows/Scalability.ini]
[2020.03.02-17.51.57:869][  0]LogConfig: Setting CVar [[r.LightFunctionQuality:1]]
[2020.03.02-17.51.57:869][  0]LogConfig: Setting CVar [[r.ShadowQuality:3]]
[2020.03.02-17.51.57:869][  0]LogConfig: Setting CVar [[r.Shadow.CSM.MaxCascades:1]]
[2020.03.02-17.51.57:869][  0]LogConfig: Setting CVar [[r.Shadow.MaxResolution:1024]]
[2020.03.02-17.51.57:869][  0]LogConfig: Setting CVar [[r.Shadow.MaxCSMResolution:1024]]
[2020.03.02-17.51.57:869][  0]LogConfig: Setting CVar [[r.Shadow.RadiusThreshold:0.05]]
[2020.03.02-17.51.57:869][  0]LogConfig: Setting CVar [[r.Shadow.DistanceScale:0.7]]
[2020.03.02-17.51.57:869][  0]LogConfig: Setting CVar [[r.Shadow.CSM.TransitionScale:0.25]]
[2020.03.02-17.51.57:869][  0]LogConfig: Setting CVar [[r.Shadow.PreShadowResolutionFactor:0.5]]
[2020.03.02-17.51.57:869][  0]LogConfig: Setting CVar [[r.DistanceFieldShadowing:0]]
[2020.03.02-17.51.57:869][  0]LogConfig: Setting CVar [[r.DistanceFieldAO:0]]
[2020.03.02-17.51.57:869][  0]LogConfig: Setting CVar [[r.VolumetricFog:0]]
[2020.03.02-17.51.57:869][  0]LogConfig: Setting CVar [[r.LightMaxDrawDistanceScale:.5]]
[2020.03.02-17.51.57:869][  0]LogConfig: Setting CVar [[r.CapsuleShadows:1]]
[2020.03.02-17.51.57:869][  0]LogConfig: Applying CVar settings from Section [PostProcessQuality@1] File [C:/GITHUb DIrecto/Unreal-Practica/practicaUnreal/Saved/Config/Windows/Scalability.ini]
[2020.03.02-17.51.57:869][  0]LogConfig: Setting CVar [[r.MotionBlurQuality:3]]
[2020.03.02-17.51.57:869][  0]LogConfig: Setting CVar [[r.AmbientOcclusionMipLevelFactor:1.0]]
[2020.03.02-17.51.57:869][  0]LogConfig: Setting CVar [[r.AmbientOcclusionMaxQuality:60]]
[2020.03.02-17.51.57:869][  0]LogConfig: Setting CVar [[r.AmbientOcclusionLevels:-1]]
[2020.03.02-17.51.57:869][  0]LogConfig: Setting CVar [[r.AmbientOcclusionRadiusScale:1.5]]
[2020.03.02-17.51.57:869][  0]LogConfig: Setting CVar [[r.DepthOfFieldQuality:1]]
[2020.03.02-17.51.57:869][  0]LogConfig: Setting CVar [[r.RenderTargetPoolMin:350]]
[2020.03.02-17.51.57:869][  0]LogConfig: Setting CVar [[r.LensFlareQuality:0]]
[2020.03.02-17.51.57:869][  0]LogConfig: Setting CVar [[r.SceneColorFringeQuality:0]]
[2020.03.02-17.51.57:869][  0]LogConfig: Setting CVar [[r.EyeAdaptationQuality:0]]
[2020.03.02-17.51.57:869][  0]LogConfig: Setting CVar [[r.BloomQuality:4]]
[2020.03.02-17.51.57:869][  0]LogConfig: Setting CVar [[r.FastBlurThreshold:2]]
[2020.03.02-17.51.57:869][  0]LogConfig: Setting CVar [[r.Upscale.Quality:2]]
[2020.03.02-17.51.57:869][  0]LogConfig: Setting CVar [[r.Tonemapper.GrainQuantization:0]]
[2020.03.02-17.51.57:869][  0]LogConfig: Setting CVar [[r.LightShaftQuality:0]]
[2020.03.02-17.51.57:869][  0]LogConfig: Setting CVar [[r.Filter.SizeScale:0.7]]
[2020.03.02-17.51.57:869][  0]LogConfig: Setting CVar [[r.Tonemapper.Quality:2]]
[2020.03.02-17.51.57:869][  0]LogConfig: Setting CVar [[r.DOF.Gather.AccumulatorQuality:0        ; lower gathering accumulator quality]]
[2020.03.02-17.51.57:869][  0]LogConfig: Setting CVar [[r.DOF.Gather.PostfilterMethod:2          ; Max3x3 postfilering method]]
[2020.03.02-17.51.57:869][  0]LogConfig: Setting CVar [[r.DOF.Gather.EnableBokehSettings:0       ; no bokeh simulation when gathering]]
[2020.03.02-17.51.57:869][  0]LogConfig: Setting CVar [[r.DOF.Gather.RingCount:3                 ; low number of samples when gathering]]
[2020.03.02-17.51.57:869][  0]LogConfig: Setting CVar [[r.DOF.Scatter.ForegroundCompositing:0    ; no foreground scattering]]
[2020.03.02-17.51.57:869][  0]LogConfig: Setting CVar [[r.DOF.Scatter.BackgroundCompositing:0    ; no foreground scattering]]
[2020.03.02-17.51.57:869][  0]LogConfig: Setting CVar [[r.DOF.Recombine.Quality:0                ; no slight out of focus]]
[2020.03.02-17.51.57:869][  0]LogConfig: Setting CVar [[r.DOF.TemporalAAQuality:0                ; faster temporal accumulation]]
[2020.03.02-17.51.57:869][  0]LogConfig: Setting CVar [[r.DOF.Kernel.MaxForegroundRadius:0.006   ; required because low gathering and no scattering and not looking great at 1080p]]
[2020.03.02-17.51.57:869][  0]LogConfig: Setting CVar [[r.DOF.Kernel.MaxBackgroundRadius:0.006   ; required because low gathering and no scattering and not looking great at 1080p]]
[2020.03.02-17.51.57:869][  0]LogConfig: Applying CVar settings from Section [TextureQuality@1] File [C:/GITHUb DIrecto/Unreal-Practica/practicaUnreal/Saved/Config/Windows/Scalability.ini]
[2020.03.02-17.51.57:869][  0]LogConfig: Setting CVar [[r.Streaming.MipBias:1]]
[2020.03.02-17.51.57:869][  0]LogConfig: Setting CVar [[r.Streaming.AmortizeCPUToGPUCopy:0]]
[2020.03.02-17.51.57:869][  0]LogConfig: Setting CVar [[r.Streaming.MaxNumTexturesToStreamPerFrame:0]]
[2020.03.02-17.51.57:869][  0]LogConfig: Setting CVar [[r.Streaming.Boost:1]]
[2020.03.02-17.51.57:869][  0]LogConfig: Setting CVar [[r.MaxAnisotropy:2]]
[2020.03.02-17.51.57:869][  0]LogConfig: Setting CVar [[r.VT.MaxAnisotropy:4]]
[2020.03.02-17.51.57:869][  0]LogConfig: Setting CVar [[r.Streaming.LimitPoolSizeToVRAM:1]]
[2020.03.02-17.51.57:870][  0]LogConfig: Setting CVar [[r.Streaming.PoolSize:600]]
[2020.03.02-17.51.57:870][  0]LogConfig: Setting CVar [[r.Streaming.MaxEffectiveScreenSize:0]]
[2020.03.02-17.51.57:870][  0]LogConfig: Applying CVar settings from Section [EffectsQuality@1] File [C:/GITHUb DIrecto/Unreal-Practica/practicaUnreal/Saved/Config/Windows/Scalability.ini]
[2020.03.02-17.51.57:870][  0]LogConfig: Setting CVar [[r.TranslucencyLightingVolumeDim:32]]
[2020.03.02-17.51.57:870][  0]LogConfig: Setting CVar [[r.RefractionQuality:0]]
[2020.03.02-17.51.57:870][  0]LogConfig: Setting CVar [[r.SSR.Quality:0]]
[2020.03.02-17.51.57:870][  0]LogConfig: Setting CVar [[r.SSR.HalfResSceneColor:1]]
[2020.03.02-17.51.57:870][  0]LogConfig: Setting CVar [[r.SceneColorFormat:3]]
[2020.03.02-17.51.57:870][  0]LogConfig: Setting CVar [[r.DetailMode:1]]
[2020.03.02-17.51.57:870][  0]LogConfig: Setting CVar [[r.TranslucencyVolumeBlur:0]]
[2020.03.02-17.51.57:870][  0]LogConfig: Setting CVar [[r.MaterialQualityLevel:2 ; Medium quality]]
[2020.03.02-17.51.57:870][  0]LogConfig: Setting CVar [[r.SSS.Scale:0.75]]
[2020.03.02-17.51.57:870][  0]LogConfig: Setting CVar [[r.SSS.SampleSet:0]]
[2020.03.02-17.51.57:870][  0]LogConfig: Setting CVar [[r.SSS.Quality:0]]
[2020.03.02-17.51.57:870][  0]LogConfig: Setting CVar [[r.SSS.HalfRes:1]]
[2020.03.02-17.51.57:870][  0]LogConfig: Setting CVar [[r.SSGI.Quality:1]]
[2020.03.02-17.51.57:870][  0]LogConfig: Setting CVar [[r.EmitterSpawnRateScale:0.25]]
[2020.03.02-17.51.57:870][  0]LogConfig: Setting CVar [[r.ParticleLightQuality:0]]
[2020.03.02-17.51.57:870][  0]LogConfig: Setting CVar [[r.SkyAtmosphere.AerialPerspectiveLUT.FastApplyOnOpaque:1 ; Always have FastSkyLUT 1 in this case to avoid wrong sky]]
[2020.03.02-17.51.57:870][  0]LogConfig: Setting CVar [[r.SkyAtmosphere.AerialPerspectiveLUT.SampleCountPerSlice:1]]
[2020.03.02-17.51.57:870][  0]LogConfig: Setting CVar [[r.SkyAtmosphere.AerialPerspectiveLUT.DepthResolution:16.0]]
[2020.03.02-17.51.57:870][  0]LogConfig: Setting CVar [[r.SkyAtmosphere.FastSkyLUT:1]]
[2020.03.02-17.51.57:870][  0]LogConfig: Setting CVar [[r.SkyAtmosphere.FastSkyLUT.SampleCountMin:4.0]]
[2020.03.02-17.51.57:870][  0]LogConfig: Setting CVar [[r.SkyAtmosphere.FastSkyLUT.SampleCountMax:32.0]]
[2020.03.02-17.51.57:870][  0]LogConfig: Setting CVar [[r.SkyAtmosphere.SampleCountMin:4.0]]
[2020.03.02-17.51.57:870][  0]LogConfig: Setting CVar [[r.SkyAtmosphere.SampleCountMax:32.0]]
[2020.03.02-17.51.57:870][  0]LogConfig: Setting CVar [[r.SkyAtmosphere.TransmittanceLUT.UseSmallFormat:0]]
[2020.03.02-17.51.57:870][  0]LogConfig: Setting CVar [[r.SkyAtmosphere.TransmittanceLUT.SampleCount:10.0]]
[2020.03.02-17.51.57:870][  0]LogConfig: Setting CVar [[r.SkyAtmosphere.MultiScatteringLUT.SampleCount:15.0]]
[2020.03.02-17.51.57:870][  0]LogConfig: Applying CVar settings from Section [FoliageQuality@1] File [C:/GITHUb DIrecto/Unreal-Practica/practicaUnreal/Saved/Config/Windows/Scalability.ini]
[2020.03.02-17.51.57:870][  0]LogConfig: Setting CVar [[foliage.DensityScale:0.4]]
[2020.03.02-17.51.57:870][  0]LogConfig: Setting CVar [[grass.DensityScale:0.4]]
[2020.03.02-17.51.57:870][  0]LogConfig: Applying CVar settings from Section [ShadingQuality@1] File [C:/GITHUb DIrecto/Unreal-Practica/practicaUnreal/Saved/Config/Windows/Scalability.ini]
[2020.03.02-17.51.57:870][  0]LogConfig: Setting CVar [[r.HairStrands.SkyLighting.SampleCount:16]]
[2020.03.02-17.51.57:870][  0]LogConfig: Setting CVar [[r.HairStrands.SkyLighting.JitterIntegration:0]]
[2020.03.02-17.51.57:870][  0]LogConfig: Setting CVar [[r.HairStrands.SkyAO.SampleCount:16]]
[2020.03.02-17.51.57:870][  0]LogConfig: Applying CVar settings from Section [Startup] File [../../../Engine/Config/ConsoleVariables.ini]
[2020.03.02-17.51.57:870][  0]LogConfig: Setting CVar [[net.UseAdaptiveNetUpdateFrequency:0]]
[2020.03.02-17.51.57:870][  0]LogConfig: Setting CVar [[p.chaos.AllowCreatePhysxBodies:1]]
[2020.03.02-17.51.57:870][  0]LogConfig: Applying CVar settings from Section [ConsoleVariables] File [C:/GITHUb DIrecto/Unreal-Practica/practicaUnreal/Saved/Config/Windows/Engine.ini]
[2020.03.02-17.51.57:870][  0]LogInit: Computer: DESKTOP-ETD211N
[2020.03.02-17.51.57:870][  0]LogInit: User: alvar
[2020.03.02-17.51.57:870][  0]LogInit: CPU Page size=4096, Cores=4
[2020.03.02-17.51.57:870][  0]LogInit: High frequency timer resolution =10.000000 MHz
[2020.03.02-17.51.57:871][  0]LogMemory: Memory total: Physical=15.9GB (16GB approx)
[2020.03.02-17.51.57:871][  0]LogMemory: Platform Memory Stats for Windows
[2020.03.02-17.51.57:871][  0]LogMemory: Process Physical Memory: 105.85 MB used, 105.86 MB peak
[2020.03.02-17.51.57:871][  0]LogMemory: Process Virtual Memory: 100.64 MB used, 100.64 MB peak
[2020.03.02-17.51.57:871][  0]LogMemory: Physical Memory: 6457.36 MB used,  9790.16 MB free, 16247.53 MB total
[2020.03.02-17.51.57:871][  0]LogMemory: Virtual Memory: 5137.46 MB used,  134212592.00 MB free, 134217728.00 MB total
[2020.03.02-17.51.57:873][  0]LogWindows: WindowsPlatformFeatures enabled
[2020.03.02-17.51.57:896][  0]LogInit: Overriding language with editor language configuration option (en).
[2020.03.02-17.51.57:896][  0]LogInit: Overriding locale with editor locale configuration option (en).
[2020.03.02-17.51.58:075][  0]LogInit: Setting process to per monitor DPI aware
[2020.03.02-17.51.58:110][  0]LogSlate: New Slate User Created.  User Index 0, Is Virtual User: 0
[2020.03.02-17.51.58:110][  0]LogSlate: Slate User Registered.  User Index 0, Is Virtual User: 0
[2020.03.02-17.51.58:313][  0]LogHMD: Failed to initialize OpenVR with code 110
[2020.03.02-17.51.58:313][  0]LogD3D11RHI: D3D11 min allowed feature level: 11_0
[2020.03.02-17.51.58:313][  0]LogD3D11RHI: D3D11 max allowed feature level: 11_0
[2020.03.02-17.51.58:313][  0]LogD3D11RHI: D3D11 adapters:
[2020.03.02-17.51.58:390][  0]LogD3D11RHI:    0. 'NVIDIA GeForce GTX 960M' (Feature Level 11_0)
[2020.03.02-17.51.58:390][  0]LogD3D11RHI:       2010/0/8123 MB DedicatedVideo/DedicatedSystem/SharedSystem, Outputs:1, VendorId:0x10de
[2020.03.02-17.51.58:400][  0]LogD3D11RHI:    1. 'Intel(R) HD Graphics 530' (Feature Level 11_0)
[2020.03.02-17.51.58:400][  0]LogD3D11RHI:       128/0/8123 MB DedicatedVideo/DedicatedSystem/SharedSystem, Outputs:0, VendorId:0x8086
[2020.03.02-17.51.58:402][  0]LogD3D11RHI:    2. 'Microsoft Basic Render Driver' (Feature Level 11_0)
[2020.03.02-17.51.58:402][  0]LogD3D11RHI:       0/0/8123 MB DedicatedVideo/DedicatedSystem/SharedSystem, Outputs:0, VendorId:0x1414
[2020.03.02-17.51.58:402][  0]LogD3D11RHI: Chosen D3D11 Adapter: 0
[2020.03.02-17.51.58:454][  0]LogD3D11RHI: Creating new Direct3DDevice
[2020.03.02-17.51.58:454][  0]LogD3D11RHI:     GPU DeviceId: 0x139b (for the marketing name, search the web for "GPU Device Id")
[2020.03.02-17.51.58:454][  0]LogWindows: EnumDisplayDevices:
[2020.03.02-17.51.58:454][  0]LogWindows:    0. 'Intel(R) HD Graphics 530' (P:1 D:1)
[2020.03.02-17.51.58:454][  0]LogWindows:    1. 'Intel(R) HD Graphics 530' (P:0 D:0)
[2020.03.02-17.51.58:455][  0]LogWindows:    2. 'Intel(R) HD Graphics 530' (P:0 D:0)
[2020.03.02-17.51.58:455][  0]LogWindows: DebugString: PrimaryIsNotTheChoosenAdapter PrimaryIsNotTheChoosenAdapter PrimaryIsNotTheChoosenAdapter FoundDriverCount:0 
[2020.03.02-17.51.58:455][  0]LogD3D11RHI:     Adapter Name: NVIDIA GeForce GTX 960M
[2020.03.02-17.51.58:455][  0]LogD3D11RHI:   Driver Version: Unknown (internal:Unknown, unified:Unknown)
[2020.03.02-17.51.58:455][  0]LogD3D11RHI:      Driver Date: Unknown
[2020.03.02-17.51.58:455][  0]LogRHI: Texture pool is 1407 MB (70% of 2010 MB)
[2020.03.02-17.51.58:502][  0]LogD3D11RHI: RHI has support for 64 bit atomics
[2020.03.02-17.51.58:502][  0]LogD3D11RHI: Async texture creation enabled
[2020.03.02-17.51.58:515][  0]LogD3D11RHI: GPU Timing Frequency: 1000.000000 (Debug: 2 1)
[2020.03.02-17.51.58:846][  0]LogTargetPlatformManager: Display: Loaded TargetPlatform 'AllDesktop'
[2020.03.02-17.51.58:880][  0]LogTargetPlatformManager: Display: Loaded TargetPlatform 'Android'
[2020.03.02-17.51.58:880][  0]LogTargetPlatformManager: Display: Loaded TargetPlatform 'Android_ASTC'
[2020.03.02-17.51.58:880][  0]LogTargetPlatformManager: Display: Loaded TargetPlatform 'Android_ATC'
[2020.03.02-17.51.58:880][  0]LogTargetPlatformManager: Display: Loaded TargetPlatform 'Android_DXT'
[2020.03.02-17.51.58:880][  0]LogTargetPlatformManager: Display: Loaded TargetPlatform 'Android_ETC1'
[2020.03.02-17.51.58:880][  0]LogTargetPlatformManager: Display: Loaded TargetPlatform 'Android_ETC1a'
[2020.03.02-17.51.58:880][  0]LogTargetPlatformManager: Display: Loaded TargetPlatform 'Android_ETC2'
[2020.03.02-17.51.58:880][  0]LogTargetPlatformManager: Display: Loaded TargetPlatform 'Android_PVRTC'
[2020.03.02-17.51.58:880][  0]LogTargetPlatformManager: Display: Loaded TargetPlatform 'AndroidClient'
[2020.03.02-17.51.58:880][  0]LogTargetPlatformManager: Display: Loaded TargetPlatform 'Android_ASTCClient'
[2020.03.02-17.51.58:880][  0]LogTargetPlatformManager: Display: Loaded TargetPlatform 'Android_ATCClient'
[2020.03.02-17.51.58:880][  0]LogTargetPlatformManager: Display: Loaded TargetPlatform 'Android_DXTClient'
[2020.03.02-17.51.58:880][  0]LogTargetPlatformManager: Display: Loaded TargetPlatform 'Android_ETC1Client'
[2020.03.02-17.51.58:880][  0]LogTargetPlatformManager: Display: Loaded TargetPlatform 'Android_ETC1aClient'
[2020.03.02-17.51.58:880][  0]LogTargetPlatformManager: Display: Loaded TargetPlatform 'Android_ETC2Client'
[2020.03.02-17.51.58:880][  0]LogTargetPlatformManager: Display: Loaded TargetPlatform 'Android_PVRTCClient'
[2020.03.02-17.51.58:881][  0]LogTargetPlatformManager: Display: Loaded TargetPlatform 'Android_Multi'
[2020.03.02-17.51.58:881][  0]LogTargetPlatformManager: Display: Loaded TargetPlatform 'Android_MultiClient'
[2020.03.02-17.51.58:901][  0]LogTargetPlatformManager: Display: Loaded TargetPlatform 'IOSClient'
[2020.03.02-17.51.58:901][  0]LogTargetPlatformManager: Display: Loaded TargetPlatform 'IOS'
[2020.03.02-17.51.58:910][  0]LogTargetPlatformManager: Display: Loaded TargetPlatform 'LinuxNoEditor'
[2020.03.02-17.51.58:917][  0]LogTargetPlatformManager: Display: Loaded TargetPlatform 'LinuxClient'
[2020.03.02-17.51.58:926][  0]LogTargetPlatformManager: Display: Loaded TargetPlatform 'LinuxServer'
[2020.03.02-17.51.58:933][  0]LogTargetPlatformManager: Display: Loaded TargetPlatform 'LinuxAArch64NoEditor'
[2020.03.02-17.51.58:941][  0]LogTargetPlatformManager: Display: Loaded TargetPlatform 'LinuxAArch64Client'
[2020.03.02-17.51.58:949][  0]LogTargetPlatformManager: Display: Loaded TargetPlatform 'LinuxAArch64Server'
[2020.03.02-17.51.58:975][  0]LogTargetPlatformManager: Display: Loaded TargetPlatform 'Lumin'
[2020.03.02-17.51.58:975][  0]LogTargetPlatformManager: Display: Loaded TargetPlatform 'LuminClient'
[2020.03.02-17.51.58:990][  0]LogTargetPlatformManager: Display: Loaded TargetPlatform 'TVOSClient'
[2020.03.02-17.51.58:990][  0]LogTargetPlatformManager: Display: Loaded TargetPlatform 'TVOS'
[2020.03.02-17.51.58:998][  0]LogTargetPlatformManager: Display: Loaded TargetPlatform 'WindowsNoEditor'
[2020.03.02-17.51.59:006][  0]LogTargetPlatformManager: Display: Loaded TargetPlatform 'Windows'
[2020.03.02-17.51.59:015][  0]LogTargetPlatformManager: Display: Loaded TargetPlatform 'WindowsClient'
[2020.03.02-17.51.59:022][  0]LogTargetPlatformManager: Display: Loaded TargetPlatform 'WindowsServer'
[2020.03.02-17.51.59:023][  0]LogTargetPlatformManager: Display: Building Assets For Windows
[2020.03.02-17.51.59:026][  0]LogAudioDebug: Display: Lib vorbis DLL was dynamically loaded.
[2020.03.02-17.51.59:051][  0]LogShaderCompilers: Guid format shader working directory is -17 characters bigger than the processId version (../../../../../../GITHUb DIrecto/Unreal-Practica/practicaUnreal/Intermediate/Shaders/WorkingDirectory/3968/).
[2020.03.02-17.51.59:052][  0]LogShaderCompilers: Cleaned the shader compiler working directory 'C:/Users/alvar/AppData/Local/Temp/UnrealShaderWorkingDir/AB56E6B8446102070487A7B1CC59BEB3/'.
[2020.03.02-17.51.59:052][  0]LogXGEController: Cannot use XGE Controller as Incredibuild is not installed on this machine.
[2020.03.02-17.51.59:052][  0]LogShaderCompilers: Cannot use XGE Shader Compiler as Incredibuild is not installed on this machine.
[2020.03.02-17.51.59:052][  0]LogShaderCompilers: Display: Using Local Shader Compiler.
[2020.03.02-17.51.59:852][  0]LogDerivedDataCache: Display: Max Cache Size: 512 MB
[2020.03.02-17.51.59:907][  0]LogDerivedDataCache: Loaded boot cache 0.05s 78MB C:/Users/alvar/AppData/Local/UnrealEngine/4.24/DerivedDataCache/Boot.ddc.
[2020.03.02-17.51.59:907][  0]LogDerivedDataCache: Display: Loaded Boot cache: C:/Users/alvar/AppData/Local/UnrealEngine/4.24/DerivedDataCache/Boot.ddc
[2020.03.02-17.51.59:907][  0]LogDerivedDataCache: FDerivedDataBackendGraph:  Pak pak cache file ../../../../../../GITHUb DIrecto/Unreal-Practica/practicaUnreal/DerivedDataCache/DDC.ddp not found, will not use a pak cache.
[2020.03.02-17.51.59:907][  0]LogDerivedDataCache: Unable to find inner node Pak for hierarchical cache Hierarchy.
[2020.03.02-17.51.59:907][  0]LogDerivedDataCache: FDerivedDataBackendGraph:  CompressedPak pak cache file ../../../../../../GITHUb DIrecto/Unreal-Practica/practicaUnreal/DerivedDataCache/Compressed.ddp not found, will not use a pak cache.
[2020.03.02-17.51.59:907][  0]LogDerivedDataCache: Unable to find inner node CompressedPak for hierarchical cache Hierarchy.
[2020.03.02-17.51.59:918][  0]LogDerivedDataCache: Display: Pak cache opened for reading ../../../Engine/DerivedDataCache/Compressed.ddp.
[2020.03.02-17.51.59:918][  0]LogDerivedDataCache: FDerivedDataBackendGraph:  EnterprisePak pak cache file ../../../Enterprise/DerivedDataCache/Compressed.ddp not found, will not use a pak cache.
[2020.03.02-17.51.59:918][  0]LogDerivedDataCache: Unable to find inner node EnterprisePak for hierarchical cache Hierarchy.
[2020.03.02-17.51.59:920][  0]LogDerivedDataCache: Using Local data cache path C:/Users/alvar/AppData/Local/UnrealEngine/Common/DerivedDataCache: Writable
[2020.03.02-17.51.59:920][  0]LogDerivedDataCache: Shared data cache path not found in *engine.ini, will not use an Shared cache.
[2020.03.02-17.51.59:920][  0]LogDerivedDataCache: Unable to find inner node Shared for hierarchical cache Hierarchy.
[2020.03.02-17.51.59:951][  0]LogMaterial: Verifying Global Shaders for PCD3D_SM5
[2020.03.02-17.51.59:955][  0]LogSlate: Using FreeType 2.10.0
[2020.03.02-17.51.59:955][  0]LogSlate: SlateFontServices - WITH_FREETYPE: 1, WITH_HARFBUZZ: 1
[2020.03.02-17.52.00:012][  0]LogAssetRegistry: FAssetRegistry took 0.0034 seconds to start up
[2020.03.02-17.52.00:334][  0]LogInit: Selected Device Profile: [Windows]
[2020.03.02-17.52.00:501][  0]LogMeshReduction: Using QuadricMeshReduction for automatic static mesh reduction
[2020.03.02-17.52.00:501][  0]LogMeshReduction: Using SimplygonMeshReduction for automatic skeletal mesh reduction
[2020.03.02-17.52.00:501][  0]LogMeshReduction: Using ProxyLODMeshReduction for automatic mesh merging
[2020.03.02-17.52.00:501][  0]LogMeshReduction: No distributed automatic mesh merging module available
[2020.03.02-17.52.00:501][  0]LogMeshMerging: No distributed automatic mesh merging module available
[2020.03.02-17.52.00:516][  0]LogNetVersion: practicaUnreal 1.0.0, NetCL: 10570792, EngineNetVer: 13, GameNetVer: 0 (Checksum: 102712005)
[2020.03.02-17.52.01:623][  0]LogPackageLocalizationCache: Processed 10 localized package path(s) for 1 prioritized culture(s) in 0.051768 seconds
[2020.03.02-17.52.01:632][  0]LogUObjectArray: 46750 objects as part of root set at end of initial load.
[2020.03.02-17.52.01:632][  0]LogUObjectAllocator: 8137160 out of 0 bytes used by permanent object pool.
[2020.03.02-17.52.01:632][  0]LogUObjectArray: CloseDisregardForGC: 0/0 objects in disregard for GC pool
[2020.03.02-17.52.02:067][  0]LogTcpMessaging: Initializing TcpMessaging bridge
[2020.03.02-17.52.02:070][  0]LogUdpMessaging: Initializing bridge on interface 0.0.0.0:0 to multicast group 230.0.0.1:6666.
[2020.03.02-17.52.02:123][  0]SourceControl: Source control is disabled
[2020.03.02-17.52.02:123][  0]SourceControl: Source control is disabled
[2020.03.02-17.52.02:125][  0]SourceControl: Source control is disabled
[2020.03.02-17.52.02:126][  0]SourceControl: Source control is disabled
[2020.03.02-17.52.02:127][  0]SourceControl: Source control is disabled
[2020.03.02-17.52.02:215][  0]LogAndroidPermission: UAndroidPermissionCallbackProxy::GetInstance
[2020.03.02-17.52.02:225][  0]LogAudioCaptureCore: Display: No Audio Capture implementations found. Audio input will be silent.
[2020.03.02-17.52.02:225][  0]LogAudioCaptureCore: Display: No Audio Capture implementations found. Audio input will be silent.
[2020.03.02-17.52.02:317][  0]LogOcInput: OculusInput pre-init called
[2020.03.02-17.52.02:327][  0]LogWindows: Failed to load 'OVRPlugin.dll' (GetLastError=126)
[2020.03.02-17.52.02:327][  0]LogWindows: File 'OVRPlugin.dll' does not exist
[2020.03.02-17.52.02:398][  0]LogEngine: Initializing Engine...
[2020.03.02-17.52.02:399][  0]LogHMD: Failed to initialize OpenVR with code 110
[2020.03.02-17.52.02:400][  0]LogStats: UGameplayTagsManager::InitializeManager -  0.000 s
[2020.03.02-17.52.02:761][  0]LogInit: Initializing FReadOnlyCVARCache
[2020.03.02-17.52.02:770][  0]LogAIModule: Creating AISystem for world Untitled
[2020.03.02-17.52.02:794][  0]LogAudioMixer: Display: Audio Mixer Platform Settings:
[2020.03.02-17.52.02:794][  0]LogAudioMixer: Display: 	Sample Rate:						  48000
[2020.03.02-17.52.02:794][  0]LogAudioMixer: Display: 	Callback Buffer Frame Size Requested: 1024
[2020.03.02-17.52.02:794][  0]LogAudioMixer: Display: 	Callback Buffer Frame Size To Use:	  1024
[2020.03.02-17.52.02:794][  0]LogAudioMixer: Display: 	Number of buffers to queue:			  2
[2020.03.02-17.52.02:794][  0]LogAudioMixer: Display: 	Max Channels (voices):				  32
[2020.03.02-17.52.02:794][  0]LogAudioMixer: Display: 	Number of Async Source Workers:		  0
[2020.03.02-17.52.02:794][  0]LogAudio: Display: AudioDevice MaxSources: 32
[2020.03.02-17.52.02:795][  0]LogAudio: Display: Using built-in audio occlusion.
[2020.03.02-17.52.02:795][  0]LogAudioMixer: Display: Initializing audio mixer.
[2020.03.02-17.52.02:812][  0]LogAudioMixer: Display: Audio Device Output Speaker Info:
[2020.03.02-17.52.02:812][  0]LogAudioMixer: Display: Name: Speakers (Realtek High Definition Audio)
[2020.03.02-17.52.02:812][  0]LogAudioMixer: Display: Is Default: Yes
[2020.03.02-17.52.02:812][  0]LogAudioMixer: Display: Sample Rate: 48000
[2020.03.02-17.52.02:812][  0]LogAudioMixer: Display: Channel Count Used: 2
[2020.03.02-17.52.02:812][  0]LogAudioMixer: Display: Device Channel Count: 2
[2020.03.02-17.52.02:812][  0]LogAudioMixer: Display: Channel Order:
[2020.03.02-17.52.02:812][  0]LogAudioMixer: Display: 0: FrontLeft
[2020.03.02-17.52.02:812][  0]LogAudioMixer: Display: 1: FrontRight
[2020.03.02-17.52.02:889][  0]LogAudioMixer: Display: Using Audio Device Speakers (Realtek High Definition Audio)
[2020.03.02-17.52.02:894][  0]LogInit: FAudioDevice initialized.
[2020.03.02-17.52.02:894][  0]LogNetVersion: Set ProjectVersion to 1.0.0.0. Version Checksum will be recalculated on next use.
[2020.03.02-17.52.02:950][  0]LogDerivedDataCache: Saved boot cache 0.06s 78MB C:/Users/alvar/AppData/Local/UnrealEngine/4.24/DerivedDataCache/Boot.ddc.
[2020.03.02-17.52.02:955][  0]LogInit: Texture streaming: Enabled
[2020.03.02-17.52.02:964][  0]LogEngineSessionManager: EngineSessionManager initialized
[2020.03.02-17.52.02:964][  0]LogEditorSessionSummary: Verbose: Initializing EditorSessionSummaryWriter for editor session tracking
[2020.03.02-17.52.02:965][  0]LogEditorSessionSummary: EditorSessionSummaryWriter initialized
[2020.03.02-17.52.03:035][  0]LogInit: Transaction tracking system initialized
[2020.03.02-17.52.03:047][  0]BlueprintLog: New page: Editor Load
[2020.03.02-17.52.03:075][  0]LocalizationService: Localization service is disabled
[2020.03.02-17.52.04:339][  0]LogFileCache: Scanning file cache for directory 'C:/GITHUb DIrecto/Unreal-Practica/practicaUnreal/Content/' took 0.02s
[2020.03.02-17.52.04:339][  0]LogCook: Display: Max memory allowance for cook 16384mb min free memory 0mb
[2020.03.02-17.52.04:339][  0]LogCook: Display: Mobile HDR setting 1
[2020.03.02-17.52.05:012][  0]SourceControl: Source control is disabled
[2020.03.02-17.52.05:012][  0]Cmd: MAP LOAD FILE="../../../../../../GITHUb DIrecto/Unreal-Practica/practicaUnreal/Content/ThirdPersonBP/Maps/ThirdPersonExampleMap.umap" TEMPLATE=0 SHOWPROGRESS=1 FEATURELEVEL=3
[2020.03.02-17.52.05:012][  0]LogEditorServer: Warning: Can't find file '../../../../../../GITHUb DIrecto/Unreal-Practica/practicaUnreal/Content/ThirdPersonBP/Maps/ThirdPersonExampleMap.umap'
[2020.03.02-17.52.05:012][  0]Cmd: MAP CHECKDEP NOCLEARLOG
[2020.03.02-17.52.05:012][  0]MapCheck: Map check complete: 0 Error(s), 0 Warning(s), took 0.149ms to complete.
[2020.03.02-17.52.05:012][  0]LogFileHelpers: Loading map 'ThirdPersonExampleMap' took 0.001
[2020.03.02-17.52.05:204][  0]LogSlate: Updating window title bar state: overlay mode, drag disabled, window buttons hidden, title bar hidden
[2020.03.02-17.52.05:219][  0]LogSlate: Updating window title bar state: overlay mode, drag disabled, window buttons hidden, title bar hidden
[2020.03.02-17.52.05:235][  0]LogSlate: Updating window title bar state: overlay mode, drag disabled, window buttons hidden, title bar hidden
[2020.03.02-17.52.05:249][  0]LogSlate: Updating window title bar state: overlay mode, drag disabled, window buttons hidden, title bar hidden
[2020.03.02-17.52.05:263][  0]LogCollectionManager: Loaded 0 collections in 0.002646 seconds
[2020.03.02-17.52.05:282][  0]LogFileCache: Scanning file cache for directory 'C:/GITHUb DIrecto/Unreal-Practica/practicaUnreal/Saved/Collections/' took 0.00s
[2020.03.02-17.52.05:282][  0]LogFileCache: Scanning file cache for directory 'C:/GITHUb DIrecto/Unreal-Practica/practicaUnreal/Content/Developers/alvar/Collections/' took 0.00s
[2020.03.02-17.52.05:282][  0]LogFileCache: Scanning file cache for directory 'C:/GITHUb DIrecto/Unreal-Practica/practicaUnreal/Content/Collections/' took 0.00s
[2020.03.02-17.52.05:282][  0]LogContentBrowser: Native class hierarchy populated in 0.0125 seconds. Added 3015 classes and 717 folders.
[2020.03.02-17.52.05:286][  0]LogContentBrowser: Native class hierarchy updated for 'WidgetCarousel' in 0.0003 seconds. Added 0 classes and 0 folders.
[2020.03.02-17.52.05:708][  0]LogContentBrowser: Native class hierarchy updated for 'AddContentDialog' in 0.0004 seconds. Added 0 classes and 0 folders.
[2020.03.02-17.52.05:712][  0]LogContentBrowser: Native class hierarchy updated for 'SceneOutliner' in 0.0003 seconds. Added 2 classes and 3 folders.
[2020.03.02-17.52.05:775][  0]LogSlate: Took 0.000372 seconds to synchronously load lazily loaded font '../../../Engine/Content/Slate/Fonts/Roboto-Regular.ttf' (155K)
[2020.03.02-17.52.05:778][  0]LogSlate: Took 0.000321 seconds to synchronously load lazily loaded font '../../../Engine/Content/Slate/Fonts/Roboto-Bold.ttf' (160K)
[2020.03.02-17.52.05:790][  0]LogSlate: Took 0.006799 seconds to synchronously load lazily loaded font '../../../Engine/Content/Editor/Slate/Fonts/FontAwesome.ttf' (139K)
[2020.03.02-17.52.05:911][  0]LogRenderer: Reallocating scene render targets to support 932x432 Format 9 NumSamples 1 (Frame:1).
[2020.03.02-17.52.06:016][  0]LogContentBrowser: Native class hierarchy updated for 'HierarchicalLODOutliner' in 0.0003 seconds. Added 0 classes and 0 folders.
[2020.03.02-17.52.06:016][  0]LogLoad: (Engine Initialization) Total time: 9.54 seconds
[2020.03.02-17.52.06:016][  0]LogLoad: (Engine Initialization) Total Blueprint compile time: 0.00 seconds
[2020.03.02-17.52.06:092][  0]LogContentStreaming: Texture pool size now 600 MB
[2020.03.02-17.52.06:125][  0]LogSlate: Took 0.005823 seconds to synchronously load lazily loaded font '../../../Engine/Content/Slate/Fonts/Roboto-Light.ttf' (167K)
[2020.03.02-17.52.06:421][  4]LogAssetRegistry: Asset discovery search completed in 6.4099 seconds
[2020.03.02-17.52.06:426][  4]LogCollectionManager: Fixed up redirectors for 0 collections in 0.000011 seconds (updated 0 objects)
[2020.03.02-17.52.35:878][765]LogSlate: Took 0.000202 seconds to synchronously load lazily loaded font '../../../Engine/Content/Slate/Fonts/Roboto-Light.ttf' (167K)
[2020.03.02-17.52.39:148][765]LogAIModule: Creating AISystem for world Terrain
[2020.03.02-17.52.39:236][765]LogAssetEditorSubsystem: Opening Asset editor for World /Game/ThirdPersonBP/Maps/Terrain.Terrain
[2020.03.02-17.52.39:336][765]LogUObjectHash: Compacting FUObjectHashTables data took   2.93ms
[2020.03.02-17.52.39:339][765]Cmd: MAP LOAD FILE="../../../../../../GITHUb DIrecto/Unreal-Practica/practicaUnreal/Content/ThirdPersonBP/Maps/Terrain.umap" TEMPLATE=0 SHOWPROGRESS=1 FEATURELEVEL=3
[2020.03.02-17.52.39:339][765]LightingResults: New page: Lighting Build
[2020.03.02-17.52.39:340][765]LogContentBrowser: Native class hierarchy updated for 'StatsViewer' in 0.0002 seconds. Added 5 classes and 0 folders.
[2020.03.02-17.52.39:341][765]LoadErrors: New page: Loading map: Terrain.umap
[2020.03.02-17.52.39:341][765]LogWorld: UWorld::CleanupWorld for Untitled, bSessionEnded=true, bCleanupResources=true
[2020.03.02-17.52.39:341][765]LogSlate: InvalidateAllWidgets triggered.  All widgets were invalidated
[2020.03.02-17.52.39:341][765]MapCheck: New page: Map Check
[2020.03.02-17.52.39:341][765]LightingResults: New page: Lighting Build
[2020.03.02-17.52.39:369][765]LogUObjectHash: Compacting FUObjectHashTables data took   2.21ms
[2020.03.02-17.52.39:927][765]LogEditorServer: Finished looking for orphan Actors (0.000 secs)
[2020.03.02-17.52.39:975][765]LogUObjectHash: Compacting FUObjectHashTables data took   1.98ms
[2020.03.02-17.52.40:017][765]Cmd: MAP CHECKDEP NOCLEARLOG
[2020.03.02-17.52.40:017][765]MapCheck: Map check complete: 0 Error(s), 0 Warning(s), took 0.179ms to complete.
[2020.03.02-17.52.40:017][765]LogFileHelpers: Loading map 'Terrain' took 0.679
[2020.03.02-17.53.03:208][127]LogAssetEditorSubsystem: Opening Asset editor for Blueprint /Game/ThirdPersonBP/AITree/npc/NPC.NPC
[2020.03.02-17.53.03:432][127]LogContentBrowser: Native class hierarchy updated for 'BlueprintGraph' in 0.0005 seconds. Added 121 classes and 0 folders.
[2020.03.02-17.53.08:188][326]LogSlate: Window 'NPC' being destroyed
[2020.03.02-17.53.08:198][326]LogWorld: UWorld::CleanupWorld for World_2, bSessionEnded=true, bCleanupResources=true
[2020.03.02-17.53.08:199][326]LogSlate: InvalidateAllWidgets triggered.  All widgets were invalidated
[2020.03.02-17.53.08:286][326]LogAssetEditorSubsystem: Opening Asset editor for Blueprint /Game/ThirdPersonBP/AITree/npc/NPC.NPC
[2020.03.02-17.53.08:787][326]LogSlate: Took 0.000168 seconds to synchronously load lazily loaded font '../../../Engine/Content/Slate/Fonts/Roboto-BoldCondensed.ttf' (158K)
[2020.03.02-17.53.08:865][327]LogSlate: Took 0.006520 seconds to synchronously load lazily loaded font '../../../Engine/Content/Slate/Fonts/Roboto-Italic.ttf' (157K)
[2020.03.02-17.53.09:814][370]LogRenderer: Reallocating scene render targets to support 932x536 Format 9 NumSamples 1 (Frame:1).
[2020.03.02-17.53.14:108][595]LogAnimation: Warning: AnimBP ThirdPerson_AnimBP_C is incompatible with skeleton Ch32_nonPBR_Skeleton, removing AnimBP from actor.
[2020.03.02-17.53.14:108][595]LogAnimation: Warning: AnimBP ThirdPerson_AnimBP_C is incompatible with skeleton Ch32_nonPBR_Skeleton, removing AnimBP from actor.
[2020.03.02-17.53.14:108][595]LogAnimation: Warning: AnimBP ThirdPerson_AnimBP_C is incompatible with skeleton Ch32_nonPBR_Skeleton, removing AnimBP from actor.
[2020.03.02-17.53.14:108][595]LogAnimation: Warning: AnimBP ThirdPerson_AnimBP_C is incompatible with skeleton Ch32_nonPBR_Skeleton, removing AnimBP from actor.
[2020.03.02-17.53.34:520][773]Cmd: TRANSACTION UNDO
[2020.03.02-17.53.34:520][773]LogEditorTransaction: Undo Edit Anim Class
[2020.03.02-17.53.35:293][798]Cmd: TRANSACTION UNDO
[2020.03.02-17.53.35:293][798]LogEditorTransaction: Undo Edit Skeletal Mesh
[2020.03.02-17.53.37:424][918]Cmd: TRANSACTION UNDO
[2020.03.02-17.53.37:424][918]LogEditorTransaction: Undo Clicking on Actors
[2020.03.02-17.53.39:741][ 53]Cmd: TRANSACTION UNDO
[2020.03.02-17.53.39:741][ 53]LogEditorTransaction: Undo Clicking on Actors
[2020.03.02-17.53.42:227][193]Cmd: OBJ SAVEPACKAGE PACKAGE="/Game/ThirdPersonBP/AITree/npc/NPC" FILE="../../../../../../GITHUb DIrecto/Unreal-Practica/practicaUnreal/Content/ThirdPersonBP/AITree/npc/NPC.uasset" SILENT=true
[2020.03.02-17.53.42:262][193]LogSavePackage: Moving '../../../../../../GITHUb DIrecto/Unreal-Practica/practicaUnreal/Saved/NPCE6158E484CEC6012D3F589A11D6B1A4B.tmp' to '../../../../../../GITHUb DIrecto/Unreal-Practica/practicaUnreal/Content/ThirdPersonBP/AITree/npc/NPC.uasset'
[2020.03.02-17.53.42:288][193]AssetCheck: New page: Asset Save: NPC
[2020.03.02-17.53.42:288][193]LogContentValidation: Display: Validating Blueprint /Game/ThirdPersonBP/AITree/npc/NPC.NPC
[2020.03.02-17.53.43:108][242]BlueprintLog: New page: Compile NPC
[2020.03.02-17.53.43:423][242]LogUObjectHash: Compacting FUObjectHashTables data took   3.79ms
[2020.03.02-17.53.44:739][308]LogSlate: Window 'NPC' being destroyed
[2020.03.02-17.53.44:746][308]LogSlate: Window 'NPC' being destroyed
[2020.03.02-17.53.44:755][308]LogWorld: UWorld::CleanupWorld for World_4, bSessionEnded=true, bCleanupResources=true
[2020.03.02-17.53.44:755][308]LogSlate: InvalidateAllWidgets triggered.  All widgets were invalidated
[2020.03.02-17.54.25:225][673]LogAssetEditorSubsystem: Opening Asset editor for Blueprint /Game/ThirdPersonBP/Blueprints/AIWithRagdoll.AIWithRagdoll
[2020.03.02-17.54.27:047][741]LogSlate: Window 'AIWithRagdoll' being destroyed
[2020.03.02-17.54.27:057][741]LogSlate: Window 'AIWithRagdoll' being destroyed
[2020.03.02-17.54.27:065][741]LogWorld: UWorld::CleanupWorld for World_6, bSessionEnded=true, bCleanupResources=true
[2020.03.02-17.54.27:065][741]LogSlate: InvalidateAllWidgets triggered.  All widgets were invalidated
[2020.03.02-17.55.16:330][582]LogMetaData: Removing '/Game/ThirdPersonBP/AITree/npc/NewAnimation_Ragdoll_Skin/Ch32_nonPBR_Skeleton.Ch32_nonPBR_Skeleton' ref from Metadata '/Game/ThirdPersonBP/AITree/npc/AnimationsAndSkinNewOnes/Ch32_nonPBR_Skeleton.PackageMetaData'
[2020.03.02-17.55.16:392][582]LogMetaData: Removing '/Game/ThirdPersonBP/AITree/npc/NewAnimation_Ragdoll_Skin/ANimationBP.ANimationBP:AnimGraph.AnimGraphNode_Root_0' ref from Metadata '/Game/ThirdPersonBP/AITree/npc/AnimationsAndSkinNewOnes/ANimationBP.PackageMetaData'
[2020.03.02-17.55.16:392][582]LogMetaData: Removing '/Game/ThirdPersonBP/AITree/npc/NewAnimation_Ragdoll_Skin/ANimationBP.ANimationBP_C' ref from Metadata '/Game/ThirdPersonBP/AITree/npc/AnimationsAndSkinNewOnes/ANimationBP.PackageMetaData'
[2020.03.02-17.55.16:392][582]LogMetaData: Removing '/Game/ThirdPersonBP/AITree/npc/NewAnimation_Ragdoll_Skin/ANimationBP.ANimationBP:EventGraph.K2Node_Event_0' ref from Metadata '/Game/ThirdPersonBP/AITree/npc/AnimationsAndSkinNewOnes/ANimationBP.PackageMetaData'
[2020.03.02-17.55.16:392][582]LogMetaData: Removing '/Game/ThirdPersonBP/AITree/npc/NewAnimation_Ragdoll_Skin/ANimationBP.ANimationBP:EventGraph.K2Node_CallFunction_0' ref from Metadata '/Game/ThirdPersonBP/AITree/npc/AnimationsAndSkinNewOnes/ANimationBP.PackageMetaData'
[2020.03.02-17.55.16:392][582]LogMetaData: Removing '/Game/ThirdPersonBP/AITree/npc/NewAnimation_Ragdoll_Skin/ANimationBP.ANimationBP:AnimGraph.AnimGraphNode_StateMachine_0.CharacterStates.AnimStateEntryNode_0' ref from Metadata '/Game/ThirdPersonBP/AITree/npc/AnimationsAndSkinNewOnes/ANimationBP.PackageMetaData'
[2020.03.02-17.55.16:392][582]LogMetaData: Removing '/Game/ThirdPersonBP/AITree/npc/NewAnimation_Ragdoll_Skin/ANimationBP.ANimationBP:AnimGraph.AnimGraphNode_StateMachine_0.CharacterStates.AnimStateNode_0.Running.AnimGraphNode_StateResult_0' ref from Metadata '/Game/ThirdPersonBP/AITree/npc/AnimationsAndSkinNewOnes/ANimationBP.PackageMetaData'
[2020.03.02-17.55.16:393][582]LogMetaData: Removing '/Game/ThirdPersonBP/AITree/npc/NewAnimation_Ragdoll_Skin/ANimationBP.SKEL_ANimationBP_C:BlueprintUpdateAnimation' ref from Metadata '/Game/ThirdPersonBP/AITree/npc/AnimationsAndSkinNewOnes/ANimationBP.PackageMetaData'
[2020.03.02-17.55.16:393][582]LogMetaData: Removing '/Game/ThirdPersonBP/AITree/npc/NewAnimation_Ragdoll_Skin/ANimationBP.SKEL_ANimationBP_C:Speed' ref from Metadata '/Game/ThirdPersonBP/AITree/npc/AnimationsAndSkinNewOnes/ANimationBP.PackageMetaData'
[2020.03.02-17.55.16:393][582]LogMetaData: Removing '/Game/ThirdPersonBP/AITree/npc/NewAnimation_Ragdoll_Skin/ANimationBP.SKEL_ANimationBP_C:Direction' ref from Metadata '/Game/ThirdPersonBP/AITree/npc/AnimationsAndSkinNewOnes/ANimationBP.PackageMetaData'
[2020.03.02-17.55.16:393][582]LogMetaData: Removing '/Game/ThirdPersonBP/AITree/npc/NewAnimation_Ragdoll_Skin/ANimationBP.SKEL_ANimationBP_C:AnimGraph' ref from Metadata '/Game/ThirdPersonBP/AITree/npc/AnimationsAndSkinNewOnes/ANimationBP.PackageMetaData'
[2020.03.02-17.55.16:393][582]LogMetaData: Removing '/Game/ThirdPersonBP/AITree/npc/NewAnimation_Ragdoll_Skin/ANimationBP.SKEL_ANimationBP_C' ref from Metadata '/Game/ThirdPersonBP/AITree/npc/AnimationsAndSkinNewOnes/ANimationBP.PackageMetaData'
[2020.03.02-17.55.16:393][582]LogMetaData: Removing '/Game/ThirdPersonBP/AITree/npc/NewAnimation_Ragdoll_Skin/ANimationBP.ANimationBP_C:Speed' ref from Metadata '/Game/ThirdPersonBP/AITree/npc/AnimationsAndSkinNewOnes/ANimationBP.PackageMetaData'
[2020.03.02-17.55.16:393][582]LogMetaData: Removing '/Game/ThirdPersonBP/AITree/npc/NewAnimation_Ragdoll_Skin/ANimationBP.ANimationBP_C:Direction' ref from Metadata '/Game/ThirdPersonBP/AITree/npc/AnimationsAndSkinNewOnes/ANimationBP.PackageMetaData'
[2020.03.02-17.55.16:393][582]LogMetaData: Removing '/Game/ThirdPersonBP/AITree/npc/NewAnimation_Ragdoll_Skin/ANimationBP.ANimationBP_C:BlueprintUpdateAnimation' ref from Metadata '/Game/ThirdPersonBP/AITree/npc/AnimationsAndSkinNewOnes/ANimationBP.PackageMetaData'
[2020.03.02-17.55.16:393][582]LogMetaData: Removing '/Game/ThirdPersonBP/AITree/npc/NewAnimation_Ragdoll_Skin/ANimationBP.ANimationBP_C:AnimGraph' ref from Metadata '/Game/ThirdPersonBP/AITree/npc/AnimationsAndSkinNewOnes/ANimationBP.PackageMetaData'
[2020.03.02-17.55.16:518][582]LogMetaData: Removing '/Game/ThirdPersonBP/AITree/npc/NewAnimation_Ragdoll_Skin/Ch32_nonPBR.Ch32_nonPBR' ref from Metadata '/Game/ThirdPersonBP/AITree/npc/AnimationsAndSkinNewOnes/Ch32_nonPBR.PackageMetaData'
[2020.03.02-17.55.16:573][582]LogSavePackage: Moving '../../../../../../GITHUb DIrecto/Unreal-Practica/practicaUnreal/Saved/Ch32_nonPBR_Skeleton7D21F6D64DF52ABDB867FC978914367C.tmp' to '../../../../../../GITHUb DIrecto/Unreal-Practica/practicaUnreal/Content/ThirdPersonBP/AITree/npc/NewAnimation_Ragdoll_Skin/Ch32_nonPBR_Skeleton.uasset'
[2020.03.02-17.55.16:610][582]LogSavePackage: Moving '../../../../../../GITHUb DIrecto/Unreal-Practica/practicaUnreal/Saved/Idle4EE692954D8F6398B9A1E7807B7DFF41.tmp' to '../../../../../../GITHUb DIrecto/Unreal-Practica/practicaUnreal/Content/ThirdPersonBP/AITree/npc/NewAnimation_Ragdoll_Skin/Idle.uasset'
[2020.03.02-17.55.16:652][582]LogSavePackage: Moving '../../../../../../GITHUb DIrecto/Unreal-Practica/practicaUnreal/Saved/Running500A52E246FD3AEF8243EBB60E79FA90.tmp' to '../../../../../../GITHUb DIrecto/Unreal-Practica/practicaUnreal/Content/ThirdPersonBP/AITree/npc/NewAnimation_Ragdoll_Skin/Running.uasset'
[2020.03.02-17.55.16:687][582]LogSavePackage: Moving '../../../../../../GITHUb DIrecto/Unreal-Practica/practicaUnreal/Saved/BlendSpaceBP956E520D4F58894772ECD38DF9019C83.tmp' to '../../../../../../GITHUb DIrecto/Unreal-Practica/practicaUnreal/Content/ThirdPersonBP/AITree/npc/NewAnimation_Ragdoll_Skin/BlendSpaceBP.uasset'
[2020.03.02-17.55.16:739][582]LogSavePackage: Moving '../../../../../../GITHUb DIrecto/Unreal-Practica/practicaUnreal/Saved/ANimationBPAEF86545460AE95EDA645184914F0814.tmp' to '../../../../../../GITHUb DIrecto/Unreal-Practica/practicaUnreal/Content/ThirdPersonBP/AITree/npc/NewAnimation_Ragdoll_Skin/ANimationBP.uasset'
[2020.03.02-17.55.17:024][582]LogSavePackage: Moving '../../../../../../GITHUb DIrecto/Unreal-Practica/practicaUnreal/Saved/Ch32_1001_DiffuseE9F762C248FEB43B5BE90F9A4E27A4AE.tmp' to '../../../../../../GITHUb DIrecto/Unreal-Practica/practicaUnreal/Content/ThirdPersonBP/AITree/npc/NewAnimation_Ragdoll_Skin/Ch32_1001_Diffuse.uasset'
[2020.03.02-17.55.17:121][582]LogSavePackage: Moving '../../../../../../GITHUb DIrecto/Unreal-Practica/practicaUnreal/Saved/Ch32_1001_Glossiness30AD87434D3D62C44CBA1284B8BD2EAE.tmp' to '../../../../../../GITHUb DIrecto/Unreal-Practica/practicaUnreal/Content/ThirdPersonBP/AITree/npc/NewAnimation_Ragdoll_Skin/Ch32_1001_Glossiness.uasset'
[2020.03.02-17.55.17:492][582]LogSavePackage: Moving '../../../../../../GITHUb DIrecto/Unreal-Practica/practicaUnreal/Saved/Ch32_1001_Normal95F52F99463A92A37AFBB69DEE63EC77.tmp' to '../../../../../../GITHUb DIrecto/Unreal-Practica/practicaUnreal/Content/ThirdPersonBP/AITree/npc/NewAnimation_Ragdoll_Skin/Ch32_1001_Normal.uasset'
[2020.03.02-17.55.17:520][582]LogSavePackage: Moving '../../../../../../GITHUb DIrecto/Unreal-Practica/practicaUnreal/Saved/Ch32_1001_Specular5D0F68C546F8D425C3F800A39E5423BD.tmp' to '../../../../../../GITHUb DIrecto/Unreal-Practica/practicaUnreal/Content/ThirdPersonBP/AITree/npc/NewAnimation_Ragdoll_Skin/Ch32_1001_Specular.uasset'
[2020.03.02-17.55.17:555][582]LogSavePackage: Moving '../../../../../../GITHUb DIrecto/Unreal-Practica/practicaUnreal/Saved/Ch32_bodyAADF7D9542BF24EDC2EEC59C7489539E.tmp' to '../../../../../../GITHUb DIrecto/Unreal-Practica/practicaUnreal/Content/ThirdPersonBP/AITree/npc/NewAnimation_Ragdoll_Skin/Ch32_body.uasset'
[2020.03.02-17.55.17:597][582]LogSavePackage: Moving '../../../../../../GITHUb DIrecto/Unreal-Practica/practicaUnreal/Saved/Ch32_nonPBR_PhysicsAsset8C55404740E5A05773CB77A0DBD1B987.tmp' to '../../../../../../GITHUb DIrecto/Unreal-Practica/practicaUnreal/Content/ThirdPersonBP/AITree/npc/NewAnimation_Ragdoll_Skin/Ch32_nonPBR_PhysicsAsset.uasset'
[2020.03.02-17.55.18:630][582]LogSavePackage: Moving '../../../../../../GITHUb DIrecto/Unreal-Practica/practicaUnreal/Saved/Ch32_nonPBR988209714C43BFEB396F84BEEE92A0AA.tmp' to '../../../../../../GITHUb DIrecto/Unreal-Practica/practicaUnreal/Content/ThirdPersonBP/AITree/npc/NewAnimation_Ragdoll_Skin/Ch32_nonPBR.uasset'
[2020.03.02-17.55.20:251][582]LogUObjectHash: Compacting FUObjectHashTables data took   3.11ms
[2020.03.02-17.55.20:291][582]LogUObjectHash: Compacting FUObjectHashTables data took   1.01ms
[2020.03.02-17.55.20:325][582]LogUObjectHash: Compacting FUObjectHashTables data took   0.97ms
[2020.03.02-17.55.20:359][582]LogUObjectHash: Compacting FUObjectHashTables data took   0.88ms
[2020.03.02-17.55.20:394][582]LogUObjectHash: Compacting FUObjectHashTables data took   0.91ms
[2020.03.02-17.55.20:429][582]LogUObjectHash: Compacting FUObjectHashTables data took   0.92ms
[2020.03.02-17.55.20:471][582]LogUObjectHash: Compacting FUObjectHashTables data took   0.95ms
[2020.03.02-17.55.20:504][582]LogUObjectHash: Compacting FUObjectHashTables data took   0.99ms
[2020.03.02-17.55.20:540][582]LogUObjectHash: Compacting FUObjectHashTables data took   0.92ms
[2020.03.02-17.55.20:575][582]LogUObjectHash: Compacting FUObjectHashTables data took   0.90ms
[2020.03.02-17.55.20:610][582]LogUObjectHash: Compacting FUObjectHashTables data took   0.95ms
[2020.03.02-17.55.20:644][582]LogUObjectHash: Compacting FUObjectHashTables data took   0.94ms
[2020.03.02-17.55.20:688][582]LogUObjectHash: Compacting FUObjectHashTables data took   2.70ms
[2020.03.02-17.55.20:724][582]LogUObjectHash: Compacting FUObjectHashTables data took   1.22ms
[2020.03.02-17.55.20:789][582]Cmd: OBJ SAVEPACKAGE PACKAGE="/Game/ThirdPersonBP/AITree/npc/NPC_2" FILE="../../../../../../GITHUb DIrecto/Unreal-Practica/practicaUnreal/Content/ThirdPersonBP/AITree/npc/NPC_2.uasset" SILENT=true
[2020.03.02-17.55.20:823][582]LogSavePackage: Moving '../../../../../../GITHUb DIrecto/Unreal-Practica/practicaUnreal/Saved/NPC_2484386AE40801B427E3E11ABB8164CC9.tmp' to '../../../../../../GITHUb DIrecto/Unreal-Practica/practicaUnreal/Content/ThirdPersonBP/AITree/npc/NPC_2.uasset'
[2020.03.02-17.55.21:058][582]AssetCheck: New page: Asset Save: multiple assets
[2020.03.02-17.55.21:059][582]LogContentValidation: Display: Validating Skeleton /Game/ThirdPersonBP/AITree/npc/NewAnimation_Ragdoll_Skin/Ch32_nonPBR_Skeleton.Ch32_nonPBR_Skeleton
[2020.03.02-17.55.21:059][582]LogContentValidation: Display: Validating AnimSequence /Game/ThirdPersonBP/AITree/npc/NewAnimation_Ragdoll_Skin/Idle.Idle
[2020.03.02-17.55.21:059][582]LogContentValidation: Display: Validating AnimSequence /Game/ThirdPersonBP/AITree/npc/NewAnimation_Ragdoll_Skin/Running.Running
[2020.03.02-17.55.21:059][582]LogContentValidation: Display: Validating BlendSpace /Game/ThirdPersonBP/AITree/npc/NewAnimation_Ragdoll_Skin/BlendSpaceBP.BlendSpaceBP
[2020.03.02-17.55.21:059][582]LogContentValidation: Display: Validating AnimBlueprint /Game/ThirdPersonBP/AITree/npc/NewAnimation_Ragdoll_Skin/ANimationBP.ANimationBP
[2020.03.02-17.55.21:059][582]LogContentValidation: Display: Validating Texture2D /Game/ThirdPersonBP/AITree/npc/NewAnimation_Ragdoll_Skin/Ch32_1001_Diffuse.Ch32_1001_Diffuse
[2020.03.02-17.55.21:059][582]LogContentValidation: Display: Validating Texture2D /Game/ThirdPersonBP/AITree/npc/NewAnimation_Ragdoll_Skin/Ch32_1001_Glossiness.Ch32_1001_Glossiness
[2020.03.02-17.55.21:059][582]LogContentValidation: Display: Validating Texture2D /Game/ThirdPersonBP/AITree/npc/NewAnimation_Ragdoll_Skin/Ch32_1001_Normal.Ch32_1001_Normal
[2020.03.02-17.55.21:059][582]LogContentValidation: Display: Validating Texture2D /Game/ThirdPersonBP/AITree/npc/NewAnimation_Ragdoll_Skin/Ch32_1001_Specular.Ch32_1001_Specular
[2020.03.02-17.55.21:059][582]LogContentValidation: Display: Validating Material /Game/ThirdPersonBP/AITree/npc/NewAnimation_Ragdoll_Skin/Ch32_body.Ch32_body
[2020.03.02-17.55.21:059][582]LogContentValidation: Display: Validating PhysicsAsset /Game/ThirdPersonBP/AITree/npc/NewAnimation_Ragdoll_Skin/Ch32_nonPBR_PhysicsAsset.Ch32_nonPBR_PhysicsAsset
[2020.03.02-17.55.21:059][582]LogContentValidation: Display: Validating SkeletalMesh /Game/ThirdPersonBP/AITree/npc/NewAnimation_Ragdoll_Skin/Ch32_nonPBR.Ch32_nonPBR
[2020.03.02-17.55.21:059][582]LogContentValidation: Display: Validating Blueprint /Game/ThirdPersonBP/AITree/npc/NPC_2.NPC_2
[2020.03.02-17.55.23:848][721]LogTemp: Repeating last play command: Selected Viewport
[2020.03.02-17.55.23:872][721]LogBlueprintUserMessages: Early PlayInEditor Detection: Level '/Game/ThirdPersonBP/Maps/Terrain.Terrain:PersistentLevel' has LevelScriptBlueprint '/Game/ThirdPersonBP/Maps/Terrain.Terrain:PersistentLevel.Terrain' with GeneratedClass '/Game/ThirdPersonBP/Maps/Terrain.Terrain_C' with ClassGeneratedBy '/Game/ThirdPersonBP/Maps/Terrain.Terrain:PersistentLevel.Terrain'
[2020.03.02-17.55.23:872][721]BlueprintLog: New page: Pre-Play auto-recompile
[2020.03.02-17.55.23:884][721]LogPlayLevel: [PlayLevel] Compiling Terrain before play...
[2020.03.02-17.55.24:175][721]LogUObjectHash: Compacting FUObjectHashTables data took   4.23ms
[2020.03.02-17.55.24:176][721]LogPlayLevel: PlayLevel: Blueprint regeneration took 304 ms (1 blueprints)
[2020.03.02-17.55.24:177][721]PIE: New page: PIE session: Terrain (Mar 2, 2020, 7:55:24 PM)
[2020.03.02-17.55.24:178][721]LogOnline: OSS: Creating online subsystem instance for: NULL
[2020.03.02-17.55.24:179][721]LogOnline: OSS: TryLoadSubsystemAndSetDefault: Loaded subsystem for module [NULL]
[2020.03.02-17.55.24:179][721]LogPlayLevel: Creating play world package: /Game/ThirdPersonBP/Maps/UEDPIE_0_Terrain
[2020.03.02-17.55.24:305][721]LogPlayLevel: PIE: StaticDuplicateObject took: (0.126093s)
[2020.03.02-17.55.24:307][721]LogAIModule: Creating AISystem for world Terrain
[2020.03.02-17.55.24:308][721]LogPlayLevel: PIE: World Init took: (0.002339s)
[2020.03.02-17.55.24:308][721]LogPlayLevel: PIE: Created PIE world by copying editor world from /Game/ThirdPersonBP/Maps/Terrain.Terrain to /Game/ThirdPersonBP/Maps/UEDPIE_0_Terrain.Terrain (0.128772s)
[2020.03.02-17.55.24:339][721]LogUObjectHash: Compacting FUObjectHashTables data took   2.94ms
[2020.03.02-17.55.24:340][721]LogAudioMixer: Display: Audio Mixer Platform Settings:
[2020.03.02-17.55.24:340][721]LogAudioMixer: Display: 	Sample Rate:						  48000
[2020.03.02-17.55.24:340][721]LogAudioMixer: Display: 	Callback Buffer Frame Size Requested: 1024
[2020.03.02-17.55.24:340][721]LogAudioMixer: Display: 	Callback Buffer Frame Size To Use:	  1024
[2020.03.02-17.55.24:340][721]LogAudioMixer: Display: 	Number of buffers to queue:			  2
[2020.03.02-17.55.24:340][721]LogAudioMixer: Display: 	Max Channels (voices):				  32
[2020.03.02-17.55.24:340][721]LogAudioMixer: Display: 	Number of Async Source Workers:		  0
[2020.03.02-17.55.24:341][721]LogAudio: Display: AudioDevice MaxSources: 32
[2020.03.02-17.55.24:341][721]LogAudio: Display: Using built-in audio occlusion.
[2020.03.02-17.55.24:341][721]LogAudioMixer: Display: Initializing audio mixer.
[2020.03.02-17.55.24:349][721]LogAudioMixer: Display: Audio Device Output Speaker Info:
[2020.03.02-17.55.24:349][721]LogAudioMixer: Display: Name: Speakers (Realtek High Definition Audio)
[2020.03.02-17.55.24:349][721]LogAudioMixer: Display: Is Default: Yes
[2020.03.02-17.55.24:349][721]LogAudioMixer: Display: Sample Rate: 48000
[2020.03.02-17.55.24:349][721]LogAudioMixer: Display: Channel Count Used: 2
[2020.03.02-17.55.24:349][721]LogAudioMixer: Display: Device Channel Count: 2
[2020.03.02-17.55.24:349][721]LogAudioMixer: Display: Channel Order:
[2020.03.02-17.55.24:349][721]LogAudioMixer: Display: 0: FrontLeft
[2020.03.02-17.55.24:349][721]LogAudioMixer: Display: 1: FrontRight
[2020.03.02-17.55.24:373][721]LogAudioMixer: Display: Using Audio Device Speakers (Realtek High Definition Audio)
[2020.03.02-17.55.24:375][721]LogInit: FAudioDevice initialized.
[2020.03.02-17.55.24:388][721]LogLoad: Game class is 'ThirdPersonGameMode_C'
[2020.03.02-17.55.24:410][721]LogWorld: Bringing World /Game/ThirdPersonBP/Maps/UEDPIE_0_Terrain.Terrain up for play (max tick rate 60) at 2020.03.02-18.55.24
[2020.03.02-17.55.24:414][721]LogWorld: Bringing up level for play took: 0.024249
[2020.03.02-17.55.24:414][721]LogOnline: OSS: Creating online subsystem instance for: :Context_24
[2020.03.02-17.55.24:418][721]LogContentBrowser: Native class hierarchy updated for 'MovieSceneCapture' in 0.0004 seconds. Added 20 classes and 0 folders.
[2020.03.02-17.55.24:419][721]LogBlueprintUserMessages: [DoorCoins_Blueprint_2] 280.0
[2020.03.02-17.55.24:419][721]LogBlueprintUserMessages: [DoorCoins_Blueprint_2] -20.0
[2020.03.02-17.55.24:419][721]LogBlueprintUserMessages: [DoorCoins_Blueprint2] 280.0
[2020.03.02-17.55.24:419][721]LogBlueprintUserMessages: [DoorCoins_Blueprint2] -20.0
[2020.03.02-17.55.24:419][721]LogBlueprintUserMessages: [DoorKey_Blueprint_2] 50.0
[2020.03.02-17.55.24:419][721]LogBlueprintUserMessages: [DoorKey_Blueprint_2] -250.0
[2020.03.02-17.55.24:419][721]LogBlueprintUserMessages: [DoorKey_Blueprint2] 50.0
[2020.03.02-17.55.24:419][721]LogBlueprintUserMessages: [DoorKey_Blueprint2] -250.0
[2020.03.02-17.55.24:419][721]LogBlueprintUserMessages: [Door_Blueprint_2] 40.0
[2020.03.02-17.55.24:419][721]LogBlueprintUserMessages: [Door_Blueprint_2] -260.0
[2020.03.02-17.55.24:419][721]LogBlueprintUserMessages: [Elevator_Blueprint_2] -600.0
[2020.03.02-17.55.24:419][721]LogBlueprintUserMessages: [Elevator_Blueprint_2] -1800.0
[2020.03.02-17.55.24:419][721]LogBlueprintUserMessages: [Elevator_Blueprint2] 600.0
[2020.03.02-17.55.24:419][721]LogBlueprintUserMessages: [Elevator_Blueprint2] -300.0
[2020.03.02-17.55.24:420][721]LogBlueprintUserMessages: [ThirdPersonCharacter_2] X=0.000 Y=0.000 Z=-274.663
[2020.03.02-17.55.24:420][721]PIE: Play in editor start time for /Game/ThirdPersonBP/Maps/UEDPIE_0_Terrain 1.528
[2020.03.02-17.55.24:421][721]LogBlueprintUserMessages: Late PlayInEditor Detection: Level '/Game/ThirdPersonBP/Maps/Terrain.Terrain:PersistentLevel' has LevelScriptBlueprint '/Game/ThirdPersonBP/Maps/Terrain.Terrain:PersistentLevel.Terrain' with GeneratedClass '/Game/ThirdPersonBP/Maps/Terrain.Terrain_C' with ClassGeneratedBy '/Game/ThirdPersonBP/Maps/Terrain.Terrain:PersistentLevel.Terrain'
[2020.03.02-17.55.24:895][722]LogBlueprintUserMessages: [ThirdPersonCharacter_2] 0
[2020.03.02-17.55.24:896][722]LogBlueprintUserMessages: [ThirdPersonCharacter_2] 0
[2020.03.02-17.55.24:905][723]LogBlueprintUserMessages: [ThirdPersonCharacter_2] 0
[2020.03.02-17.55.24:905][723]LogBlueprintUserMessages: [ThirdPersonCharacter_2] 0
[2020.03.02-17.55.25:120][728]LogBlueprintUserMessages: [ThirdPersonCharacter_2] 0
[2020.03.02-17.55.25:120][728]LogBlueprintUserMessages: [ThirdPersonCharacter_2] 0
[2020.03.02-17.55.25:320][740]LogBlueprintUserMessages: [ThirdPersonCharacter_2] 0
[2020.03.02-17.55.25:320][740]LogBlueprintUserMessages: [ThirdPersonCharacter_2] 0
[2020.03.02-17.55.25:520][752]LogBlueprintUserMessages: [ThirdPersonCharacter_2] 0
[2020.03.02-17.55.25:520][752]LogBlueprintUserMessages: [ThirdPersonCharacter_2] 0
[2020.03.02-17.55.25:719][764]LogBlueprintUserMessages: [ThirdPersonCharacter_2] 0
[2020.03.02-17.55.25:719][764]LogBlueprintUserMessages: [ThirdPersonCharacter_2] 0
[2020.03.02-17.55.25:919][776]LogBlueprintUserMessages: [ThirdPersonCharacter_2] 0
[2020.03.02-17.55.25:920][776]LogBlueprintUserMessages: [ThirdPersonCharacter_2] 0
[2020.03.02-17.55.26:119][788]LogBlueprintUserMessages: [ThirdPersonCharacter_2] 0
[2020.03.02-17.55.26:119][788]LogBlueprintUserMessages: [ThirdPersonCharacter_2] 0
[2020.03.02-17.55.26:319][800]LogBlueprintUserMessages: [ThirdPersonCharacter_2] 0
[2020.03.02-17.55.26:319][800]LogBlueprintUserMessages: [ThirdPersonCharacter_2] 0
[2020.03.02-17.55.26:519][812]LogBlueprintUserMessages: [ThirdPersonCharacter_2] 0
[2020.03.02-17.55.26:519][812]LogBlueprintUserMessages: [ThirdPersonCharacter_2] 0
[2020.03.02-17.55.26:720][824]LogBlueprintUserMessages: [ThirdPersonCharacter_2] 0
[2020.03.02-17.55.26:720][824]LogBlueprintUserMessages: [ThirdPersonCharacter_2] 0
[2020.03.02-17.55.26:921][836]LogBlueprintUserMessages: [ThirdPersonCharacter_2] 0
[2020.03.02-17.55.26:921][836]LogBlueprintUserMessages: [ThirdPersonCharacter_2] 0
[2020.03.02-17.55.26:958][838]LogPlayerController: Error: InputMode:UIOnly - Attempting to focus Non-Focusable widget SObjectWidget [Widget.cpp(776)]!
[2020.03.02-17.55.28:187][912]LogSlate: Updating window title bar state: overlay mode, drag disabled, window buttons hidden, title bar hidden
[2020.03.02-17.55.28:187][912]LogBlueprintUserMessages: Early EndPlayMap Detection: Level '/Game/ThirdPersonBP/Maps/Terrain.Terrain:PersistentLevel' has LevelScriptBlueprint '/Game/ThirdPersonBP/Maps/Terrain.Terrain:PersistentLevel.Terrain' with GeneratedClass '/Game/ThirdPersonBP/Maps/Terrain.Terrain_C' with ClassGeneratedBy '/Game/ThirdPersonBP/Maps/Terrain.Terrain:PersistentLevel.Terrain'
[2020.03.02-17.55.28:188][912]LogWorld: BeginTearingDown for /Game/ThirdPersonBP/Maps/UEDPIE_0_Terrain
[2020.03.02-17.55.28:188][912]LogAudioMixer: Display: No commands were queued while flushing the source manager.
[2020.03.02-17.55.28:188][912]LogWorld: UWorld::CleanupWorld for Terrain, bSessionEnded=true, bCleanupResources=true
[2020.03.02-17.55.28:191][912]LogSlate: InvalidateAllWidgets triggered.  All widgets were invalidated
[2020.03.02-17.55.28:197][912]LogPlayLevel: Display: Shutting down PIE online subsystems
[2020.03.02-17.55.28:198][912]LogBlueprintUserMessages: Late EndPlayMap Detection: Level '/Game/ThirdPersonBP/Maps/Terrain.Terrain:PersistentLevel' has LevelScriptBlueprint '/Game/ThirdPersonBP/Maps/Terrain.Terrain:PersistentLevel.Terrain' with GeneratedClass '/Game/ThirdPersonBP/Maps/Terrain.Terrain_C' with ClassGeneratedBy '/Game/ThirdPersonBP/Maps/Terrain.Terrain:PersistentLevel.Terrain'
[2020.03.02-17.55.28:205][912]LogSlate: InvalidateAllWidgets triggered.  All widgets were invalidated
[2020.03.02-17.55.28:243][912]LogAudioMixer: Display: No commands were queued while flushing the source manager.
[2020.03.02-17.55.28:248][912]LogSlate: Updating window title bar state: overlay mode, drag disabled, window buttons hidden, title bar hidden
[2020.03.02-17.55.28:307][912]LogUObjectHash: Compacting FUObjectHashTables data took   3.96ms
[2020.03.02-17.55.28:384][913]LogPlayLevel: Display: Destroying online subsystem :Context_24
[2020.03.02-17.57.34:817][502]LogEditorViewport: Clicking on Actor (LMB): AIWithRagdoll_C (AIWithRagdoll)
[2020.03.02-17.57.34:908][503]LogEditorViewport: Clicking on Component (LMB): SkeletalMeshComponent (CharacterMesh0)
[2020.03.02-17.57.35:580][540]LogEditorViewport: Clicking on Component (LMB): SkeletalMeshComponent (CharacterMesh0)
[2020.03.02-17.57.56:085][731]LogSlate: Warning: Slate: Had to block on waiting for a draw buffer
[2020.03.02-17.57.56:112][731]LogContentBrowser: Verbose: The majority of assets in the view are of type: Skeleton
[2020.03.02-17.58.03:019][731]LogSlate: Window 'Create Animation Blueprint' being destroyed
[2020.03.02-17.58.05:817][878]LogUObjectHash: Compacting FUObjectHashTables data took   3.99ms
[2020.03.02-17.58.08:328][878]LogSlate: Window 'Delete Assets' being destroyed
[2020.03.02-17.58.09:813][952]LogUObjectHash: Compacting FUObjectHashTables data took   0.84ms
[2020.03.02-17.58.10:873][952]LogSlate: Window 'Delete Assets' being destroyed
[2020.03.02-17.58.12:497][952]LogUObjectGlobals: Force Deleting 1 Package(s):
	Asset Name: /Game/ThirdPersonBP/AITree/npc/NewAnimation_Ragdoll_Skin/NewAnimBlueprint.NewAnimBlueprint
[2020.03.02-17.58.17:970][952]LogUObjectHash: Compacting FUObjectHashTables data took   3.32ms
[2020.03.02-17.58.40:500][309]LogUObjectHash: Compacting FUObjectHashTables data took   1.00ms
[2020.03.02-17.58.40:573][309]LogUObjectHash: Compacting FUObjectHashTables data took   1.01ms
[2020.03.02-17.58.41:120][309]LogSavePackage: Moving '../../../../../../GITHUb DIrecto/Unreal-Practica/practicaUnreal/Saved/Terrain519321874C1D2FA0B2C4AFADADD7023F.tmp' to '../../../../../../GITHUb DIrecto/Unreal-Practica/practicaUnreal/Content/ThirdPersonBP/Maps/Terrain.umap'
[2020.03.02-17.58.41:170][309]LogFileHelpers: Saving map 'Terrain' took 0.632
[2020.03.02-17.58.41:208][309]AssetCheck: New page: Asset Save: Terrain
[2020.03.02-17.58.41:208][309]LogContentValidation: Display: Validating World /Game/ThirdPersonBP/Maps/Terrain.Terrain
